ARM GAS  C:\Users\EMBEDD~1\AppData\Local\Temp\ccpa38d2.s 			page 1


   1              		.cpu cortex-m0plus
   2              		.arch armv6s-m
   3              		.fpu softvfp
   4              		.eabi_attribute 20, 1
   5              		.eabi_attribute 21, 1
   6              		.eabi_attribute 23, 3
   7              		.eabi_attribute 24, 1
   8              		.eabi_attribute 25, 1
   9              		.eabi_attribute 26, 1
  10              		.eabi_attribute 30, 1
  11              		.eabi_attribute 34, 0
  12              		.eabi_attribute 18, 4
  13              		.file	"relay.c"
  14              		.text
  15              	.Ltext0:
  16              		.cfi_sections	.debug_frame
  17              		.section	.text.Relay_Control,"ax",%progbits
  18              		.align	1
  19              		.global	Relay_Control
  20              		.syntax unified
  21              		.code	16
  22              		.thumb_func
  24              	Relay_Control:
  25              	.LVL0:
  26              	.LFB310:
  27              		.file 1 "Src/relay.c"
   1:Src/relay.c   **** #include "relay.h"
   2:Src/relay.c   **** 
   3:Src/relay.c   **** Relay_StateTypedef Relay_Control(GPIO_TypeDef *GPIOx, uint16_t GPIO_Pin, Level_StateTypedef Trigger
   4:Src/relay.c   **** {
  28              		.loc 1 4 1 view -0
  29              		.cfi_startproc
  30              		@ args = 0, pretend = 0, frame = 0
  31              		@ frame_needed = 0, uses_anonymous_args = 0
  32              		.loc 1 4 1 is_stmt 0 view .LVU1
  33 0000 10B5     		push	{r4, lr}
  34              	.LCFI0:
  35              		.cfi_def_cfa_offset 8
  36              		.cfi_offset 4, -8
  37              		.cfi_offset 14, -4
  38 0002 1C00     		movs	r4, r3
   5:Src/relay.c   **** 	if(State == ON) 
  39              		.loc 1 5 2 is_stmt 1 view .LVU2
  40              		.loc 1 5 4 is_stmt 0 view .LVU3
  41 0004 012B     		cmp	r3, #1
  42 0006 06D0     		beq	.L8
   6:Src/relay.c   **** 	{
   7:Src/relay.c   **** 		if(Trigger == HIGH) HAL_GPIO_WritePin(GPIOx, GPIO_Pin, GPIO_PIN_SET);
   8:Src/relay.c   **** 		else HAL_GPIO_WritePin(GPIOx, GPIO_Pin, GPIO_PIN_RESET); 
   9:Src/relay.c   **** 		return ON; 
  10:Src/relay.c   **** 	}
  11:Src/relay.c   **** 	else 
  12:Src/relay.c   **** 	{
  13:Src/relay.c   **** 		if(Trigger == HIGH) HAL_GPIO_WritePin(GPIOx, GPIO_Pin, GPIO_PIN_RESET);
  43              		.loc 1 13 3 is_stmt 1 view .LVU4
  44              		.loc 1 13 5 is_stmt 0 view .LVU5
  45 0008 012A     		cmp	r2, #1
ARM GAS  C:\Users\EMBEDD~1\AppData\Local\Temp\ccpa38d2.s 			page 2


  46 000a 0ED0     		beq	.L9
  14:Src/relay.c   **** 		else HAL_GPIO_WritePin(GPIOx, GPIO_Pin, GPIO_PIN_SET); 
  47              		.loc 1 14 8 is_stmt 1 view .LVU6
  48 000c 0122     		movs	r2, #1
  49              	.LVL1:
  50              		.loc 1 14 8 is_stmt 0 view .LVU7
  51 000e FFF7FEFF 		bl	HAL_GPIO_WritePin
  52              	.LVL2:
  53              	.L7:
  15:Src/relay.c   **** 		return OFF; 
  54              		.loc 1 15 3 is_stmt 1 view .LVU8
  55              		.loc 1 15 10 is_stmt 0 view .LVU9
  56 0012 0020     		movs	r0, #0
  57              	.L5:
  16:Src/relay.c   **** 	}
  17:Src/relay.c   **** }
  58              		.loc 1 17 1 view .LVU10
  59              		@ sp needed
  60 0014 10BD     		pop	{r4, pc}
  61              	.LVL3:
  62              	.L8:
   7:Src/relay.c   **** 		else HAL_GPIO_WritePin(GPIOx, GPIO_Pin, GPIO_PIN_RESET); 
  63              		.loc 1 7 3 is_stmt 1 view .LVU11
   7:Src/relay.c   **** 		else HAL_GPIO_WritePin(GPIOx, GPIO_Pin, GPIO_PIN_RESET); 
  64              		.loc 1 7 5 is_stmt 0 view .LVU12
  65 0016 012A     		cmp	r2, #1
  66 0018 04D0     		beq	.L10
   8:Src/relay.c   **** 		return ON; 
  67              		.loc 1 8 8 is_stmt 1 view .LVU13
  68 001a 0022     		movs	r2, #0
  69              	.LVL4:
   8:Src/relay.c   **** 		return ON; 
  70              		.loc 1 8 8 is_stmt 0 view .LVU14
  71 001c FFF7FEFF 		bl	HAL_GPIO_WritePin
  72              	.LVL5:
  73              	.L4:
   9:Src/relay.c   **** 	}
  74              		.loc 1 9 3 is_stmt 1 view .LVU15
   9:Src/relay.c   **** 	}
  75              		.loc 1 9 10 is_stmt 0 view .LVU16
  76 0020 2000     		movs	r0, r4
  77 0022 F7E7     		b	.L5
  78              	.LVL6:
  79              	.L10:
   7:Src/relay.c   **** 		else HAL_GPIO_WritePin(GPIOx, GPIO_Pin, GPIO_PIN_RESET); 
  80              		.loc 1 7 23 is_stmt 1 discriminator 1 view .LVU17
  81 0024 FFF7FEFF 		bl	HAL_GPIO_WritePin
  82              	.LVL7:
   7:Src/relay.c   **** 		else HAL_GPIO_WritePin(GPIOx, GPIO_Pin, GPIO_PIN_RESET); 
  83              		.loc 1 7 23 is_stmt 0 discriminator 1 view .LVU18
  84 0028 FAE7     		b	.L4
  85              	.LVL8:
  86              	.L9:
  13:Src/relay.c   **** 		else HAL_GPIO_WritePin(GPIOx, GPIO_Pin, GPIO_PIN_SET); 
  87              		.loc 1 13 23 is_stmt 1 discriminator 1 view .LVU19
  88 002a 0022     		movs	r2, #0
  89              	.LVL9:
ARM GAS  C:\Users\EMBEDD~1\AppData\Local\Temp\ccpa38d2.s 			page 3


  13:Src/relay.c   **** 		else HAL_GPIO_WritePin(GPIOx, GPIO_Pin, GPIO_PIN_SET); 
  90              		.loc 1 13 23 is_stmt 0 discriminator 1 view .LVU20
  91 002c FFF7FEFF 		bl	HAL_GPIO_WritePin
  92              	.LVL10:
  13:Src/relay.c   **** 		else HAL_GPIO_WritePin(GPIOx, GPIO_Pin, GPIO_PIN_SET); 
  93              		.loc 1 13 23 discriminator 1 view .LVU21
  94 0030 EFE7     		b	.L7
  95              		.cfi_endproc
  96              	.LFE310:
  98              		.text
  99              	.Letext0:
 100              		.file 2 "c:\\program files (x86)\\gnu arm embedded toolchain\\10 2021.10\\arm-none-eabi\\include\\
 101              		.file 3 "c:\\program files (x86)\\gnu arm embedded toolchain\\10 2021.10\\arm-none-eabi\\include\\
 102              		.file 4 "Drivers/CMSIS/Device/ST/STM32G0xx/Include/stm32g070xx.h"
 103              		.file 5 "Drivers/STM32G0xx_HAL_Driver/Inc/stm32g0xx_hal_gpio.h"
 104              		.file 6 "Inc/relay.h"
 105              		.file 7 "Drivers/STM32G0xx_HAL_Driver/Inc/stm32g0xx_ll_dma.h"
ARM GAS  C:\Users\EMBEDD~1\AppData\Local\Temp\ccpa38d2.s 			page 4


DEFINED SYMBOLS
                            *ABS*:00000000 relay.c
C:\Users\EMBEDD~1\AppData\Local\Temp\ccpa38d2.s:18     .text.Relay_Control:00000000 $t
C:\Users\EMBEDD~1\AppData\Local\Temp\ccpa38d2.s:24     .text.Relay_Control:00000000 Relay_Control

UNDEFINED SYMBOLS
HAL_GPIO_WritePin
