ARM GAS  C:\Users\EMBEDD~1\AppData\Local\Temp\ccURlfun.s 			page 1


   1              		.cpu cortex-m0plus
   2              		.arch armv6s-m
   3              		.fpu softvfp
   4              		.eabi_attribute 20, 1
   5              		.eabi_attribute 21, 1
   6              		.eabi_attribute 23, 3
   7              		.eabi_attribute 24, 1
   8              		.eabi_attribute 25, 1
   9              		.eabi_attribute 26, 1
  10              		.eabi_attribute 30, 1
  11              		.eabi_attribute 34, 0
  12              		.eabi_attribute 18, 4
  13              		.file	"stm32g0xx_hal_msp.c"
  14              		.text
  15              	.Ltext0:
  16              		.cfi_sections	.debug_frame
  17              		.section	.text.HAL_MspInit,"ax",%progbits
  18              		.align	1
  19              		.global	HAL_MspInit
  20              		.syntax unified
  21              		.code	16
  22              		.thumb_func
  24              	HAL_MspInit:
  25              	.LFB310:
  26              		.file 1 "Src/stm32g0xx_hal_msp.c"
   1:Src/stm32g0xx_hal_msp.c **** /* USER CODE BEGIN Header */
   2:Src/stm32g0xx_hal_msp.c **** /**
   3:Src/stm32g0xx_hal_msp.c ****   ******************************************************************************
   4:Src/stm32g0xx_hal_msp.c ****   * @file         stm32g0xx_hal_msp.c
   5:Src/stm32g0xx_hal_msp.c ****   * @brief        This file provides code for the MSP Initialization
   6:Src/stm32g0xx_hal_msp.c ****   *               and de-Initialization codes.
   7:Src/stm32g0xx_hal_msp.c ****   ******************************************************************************
   8:Src/stm32g0xx_hal_msp.c ****   * @attention
   9:Src/stm32g0xx_hal_msp.c ****   *
  10:Src/stm32g0xx_hal_msp.c ****   * <h2><center>&copy; Copyright (c) 2022 STMicroelectronics.
  11:Src/stm32g0xx_hal_msp.c ****   * All rights reserved.</center></h2>
  12:Src/stm32g0xx_hal_msp.c ****   *
  13:Src/stm32g0xx_hal_msp.c ****   * This software component is licensed by ST under BSD 3-Clause license,
  14:Src/stm32g0xx_hal_msp.c ****   * the "License"; You may not use this file except in compliance with the
  15:Src/stm32g0xx_hal_msp.c ****   * License. You may obtain a copy of the License at:
  16:Src/stm32g0xx_hal_msp.c ****   *                        opensource.org/licenses/BSD-3-Clause
  17:Src/stm32g0xx_hal_msp.c ****   *
  18:Src/stm32g0xx_hal_msp.c ****   ******************************************************************************
  19:Src/stm32g0xx_hal_msp.c ****   */
  20:Src/stm32g0xx_hal_msp.c **** /* USER CODE END Header */
  21:Src/stm32g0xx_hal_msp.c **** 
  22:Src/stm32g0xx_hal_msp.c **** /* Includes ------------------------------------------------------------------*/
  23:Src/stm32g0xx_hal_msp.c **** #include "main.h"
  24:Src/stm32g0xx_hal_msp.c **** /* USER CODE BEGIN Includes */
  25:Src/stm32g0xx_hal_msp.c **** 
  26:Src/stm32g0xx_hal_msp.c **** /* USER CODE END Includes */
  27:Src/stm32g0xx_hal_msp.c **** 
  28:Src/stm32g0xx_hal_msp.c **** /* Private typedef -----------------------------------------------------------*/
  29:Src/stm32g0xx_hal_msp.c **** /* USER CODE BEGIN TD */
  30:Src/stm32g0xx_hal_msp.c **** 
  31:Src/stm32g0xx_hal_msp.c **** /* USER CODE END TD */
  32:Src/stm32g0xx_hal_msp.c **** 
ARM GAS  C:\Users\EMBEDD~1\AppData\Local\Temp\ccURlfun.s 			page 2


  33:Src/stm32g0xx_hal_msp.c **** /* Private define ------------------------------------------------------------*/
  34:Src/stm32g0xx_hal_msp.c **** /* USER CODE BEGIN Define */
  35:Src/stm32g0xx_hal_msp.c **** 
  36:Src/stm32g0xx_hal_msp.c **** /* USER CODE END Define */
  37:Src/stm32g0xx_hal_msp.c **** 
  38:Src/stm32g0xx_hal_msp.c **** /* Private macro -------------------------------------------------------------*/
  39:Src/stm32g0xx_hal_msp.c **** /* USER CODE BEGIN Macro */
  40:Src/stm32g0xx_hal_msp.c **** 
  41:Src/stm32g0xx_hal_msp.c **** /* USER CODE END Macro */
  42:Src/stm32g0xx_hal_msp.c **** 
  43:Src/stm32g0xx_hal_msp.c **** /* Private variables ---------------------------------------------------------*/
  44:Src/stm32g0xx_hal_msp.c **** /* USER CODE BEGIN PV */
  45:Src/stm32g0xx_hal_msp.c **** 
  46:Src/stm32g0xx_hal_msp.c **** /* USER CODE END PV */
  47:Src/stm32g0xx_hal_msp.c **** 
  48:Src/stm32g0xx_hal_msp.c **** /* Private function prototypes -----------------------------------------------*/
  49:Src/stm32g0xx_hal_msp.c **** /* USER CODE BEGIN PFP */
  50:Src/stm32g0xx_hal_msp.c **** 
  51:Src/stm32g0xx_hal_msp.c **** /* USER CODE END PFP */
  52:Src/stm32g0xx_hal_msp.c **** 
  53:Src/stm32g0xx_hal_msp.c **** /* External functions --------------------------------------------------------*/
  54:Src/stm32g0xx_hal_msp.c **** /* USER CODE BEGIN ExternalFunctions */
  55:Src/stm32g0xx_hal_msp.c **** 
  56:Src/stm32g0xx_hal_msp.c **** /* USER CODE END ExternalFunctions */
  57:Src/stm32g0xx_hal_msp.c **** 
  58:Src/stm32g0xx_hal_msp.c **** /* USER CODE BEGIN 0 */
  59:Src/stm32g0xx_hal_msp.c **** 
  60:Src/stm32g0xx_hal_msp.c **** /* USER CODE END 0 */
  61:Src/stm32g0xx_hal_msp.c **** /**
  62:Src/stm32g0xx_hal_msp.c ****   * Initializes the Global MSP.
  63:Src/stm32g0xx_hal_msp.c ****   */
  64:Src/stm32g0xx_hal_msp.c **** void HAL_MspInit(void)
  65:Src/stm32g0xx_hal_msp.c **** {
  27              		.loc 1 65 1 view -0
  28              		.cfi_startproc
  29              		@ args = 0, pretend = 0, frame = 8
  30              		@ frame_needed = 0, uses_anonymous_args = 0
  31 0000 00B5     		push	{lr}
  32              	.LCFI0:
  33              		.cfi_def_cfa_offset 4
  34              		.cfi_offset 14, -4
  35 0002 83B0     		sub	sp, sp, #12
  36              	.LCFI1:
  37              		.cfi_def_cfa_offset 16
  66:Src/stm32g0xx_hal_msp.c ****   /* USER CODE BEGIN MspInit 0 */
  67:Src/stm32g0xx_hal_msp.c **** 
  68:Src/stm32g0xx_hal_msp.c ****   /* USER CODE END MspInit 0 */
  69:Src/stm32g0xx_hal_msp.c **** 
  70:Src/stm32g0xx_hal_msp.c ****   __HAL_RCC_SYSCFG_CLK_ENABLE();
  38              		.loc 1 70 3 view .LVU1
  39              	.LBB2:
  40              		.loc 1 70 3 view .LVU2
  41              		.loc 1 70 3 view .LVU3
  42 0004 134B     		ldr	r3, .L2
  43 0006 196C     		ldr	r1, [r3, #64]
  44 0008 0122     		movs	r2, #1
  45 000a 1143     		orrs	r1, r2
ARM GAS  C:\Users\EMBEDD~1\AppData\Local\Temp\ccURlfun.s 			page 3


  46 000c 1964     		str	r1, [r3, #64]
  47              		.loc 1 70 3 view .LVU4
  48 000e 196C     		ldr	r1, [r3, #64]
  49 0010 0A40     		ands	r2, r1
  50 0012 0092     		str	r2, [sp]
  51              		.loc 1 70 3 view .LVU5
  52 0014 009A     		ldr	r2, [sp]
  53              	.LBE2:
  54              		.loc 1 70 3 view .LVU6
  71:Src/stm32g0xx_hal_msp.c ****   __HAL_RCC_PWR_CLK_ENABLE();
  55              		.loc 1 71 3 view .LVU7
  56              	.LBB3:
  57              		.loc 1 71 3 view .LVU8
  58              		.loc 1 71 3 view .LVU9
  59 0016 DA6B     		ldr	r2, [r3, #60]
  60 0018 8021     		movs	r1, #128
  61 001a 4905     		lsls	r1, r1, #21
  62 001c 0A43     		orrs	r2, r1
  63 001e DA63     		str	r2, [r3, #60]
  64              		.loc 1 71 3 view .LVU10
  65 0020 DB6B     		ldr	r3, [r3, #60]
  66 0022 0B40     		ands	r3, r1
  67 0024 0193     		str	r3, [sp, #4]
  68              		.loc 1 71 3 view .LVU11
  69 0026 019B     		ldr	r3, [sp, #4]
  70              	.LBE3:
  71              		.loc 1 71 3 view .LVU12
  72:Src/stm32g0xx_hal_msp.c **** 
  73:Src/stm32g0xx_hal_msp.c ****   /* System interrupt init*/
  74:Src/stm32g0xx_hal_msp.c **** 
  75:Src/stm32g0xx_hal_msp.c ****   /* Peripheral interrupt init */
  76:Src/stm32g0xx_hal_msp.c ****   /* FLASH_IRQn interrupt configuration */
  77:Src/stm32g0xx_hal_msp.c ****   HAL_NVIC_SetPriority(FLASH_IRQn, 0, 0);
  72              		.loc 1 77 3 view .LVU13
  73 0028 0022     		movs	r2, #0
  74 002a 0021     		movs	r1, #0
  75 002c 0320     		movs	r0, #3
  76 002e FFF7FEFF 		bl	HAL_NVIC_SetPriority
  77              	.LVL0:
  78:Src/stm32g0xx_hal_msp.c ****   HAL_NVIC_EnableIRQ(FLASH_IRQn);
  78              		.loc 1 78 3 view .LVU14
  79 0032 0320     		movs	r0, #3
  80 0034 FFF7FEFF 		bl	HAL_NVIC_EnableIRQ
  81              	.LVL1:
  79:Src/stm32g0xx_hal_msp.c ****   /* RCC_IRQn interrupt configuration */
  80:Src/stm32g0xx_hal_msp.c ****   HAL_NVIC_SetPriority(RCC_IRQn, 0, 0);
  82              		.loc 1 80 3 view .LVU15
  83 0038 0022     		movs	r2, #0
  84 003a 0021     		movs	r1, #0
  85 003c 0420     		movs	r0, #4
  86 003e FFF7FEFF 		bl	HAL_NVIC_SetPriority
  87              	.LVL2:
  81:Src/stm32g0xx_hal_msp.c ****   HAL_NVIC_EnableIRQ(RCC_IRQn);
  88              		.loc 1 81 3 view .LVU16
  89 0042 0420     		movs	r0, #4
  90 0044 FFF7FEFF 		bl	HAL_NVIC_EnableIRQ
  91              	.LVL3:
ARM GAS  C:\Users\EMBEDD~1\AppData\Local\Temp\ccURlfun.s 			page 4


  82:Src/stm32g0xx_hal_msp.c **** 
  83:Src/stm32g0xx_hal_msp.c ****   /** Disable the internal Pull-Up in Dead Battery pins of UCPD peripheral
  84:Src/stm32g0xx_hal_msp.c ****   */
  85:Src/stm32g0xx_hal_msp.c ****   HAL_SYSCFG_StrobeDBattpinsConfig(SYSCFG_CFGR1_UCPD1_STROBE | SYSCFG_CFGR1_UCPD2_STROBE);
  92              		.loc 1 85 3 view .LVU17
  93 0048 C020     		movs	r0, #192
  94 004a C000     		lsls	r0, r0, #3
  95 004c FFF7FEFF 		bl	HAL_SYSCFG_StrobeDBattpinsConfig
  96              	.LVL4:
  86:Src/stm32g0xx_hal_msp.c **** 
  87:Src/stm32g0xx_hal_msp.c ****   /* USER CODE BEGIN MspInit 1 */
  88:Src/stm32g0xx_hal_msp.c **** 
  89:Src/stm32g0xx_hal_msp.c ****   /* USER CODE END MspInit 1 */
  90:Src/stm32g0xx_hal_msp.c **** }
  97              		.loc 1 90 1 is_stmt 0 view .LVU18
  98 0050 03B0     		add	sp, sp, #12
  99              		@ sp needed
 100 0052 00BD     		pop	{pc}
 101              	.L3:
 102              		.align	2
 103              	.L2:
 104 0054 00100240 		.word	1073876992
 105              		.cfi_endproc
 106              	.LFE310:
 108              		.section	.text.HAL_TIM_Base_MspInit,"ax",%progbits
 109              		.align	1
 110              		.global	HAL_TIM_Base_MspInit
 111              		.syntax unified
 112              		.code	16
 113              		.thumb_func
 115              	HAL_TIM_Base_MspInit:
 116              	.LVL5:
 117              	.LFB311:
  91:Src/stm32g0xx_hal_msp.c **** 
  92:Src/stm32g0xx_hal_msp.c **** /**
  93:Src/stm32g0xx_hal_msp.c **** * @brief TIM_Base MSP Initialization
  94:Src/stm32g0xx_hal_msp.c **** * This function configures the hardware resources used in this example
  95:Src/stm32g0xx_hal_msp.c **** * @param htim_base: TIM_Base handle pointer
  96:Src/stm32g0xx_hal_msp.c **** * @retval None
  97:Src/stm32g0xx_hal_msp.c **** */
  98:Src/stm32g0xx_hal_msp.c **** void HAL_TIM_Base_MspInit(TIM_HandleTypeDef* htim_base)
  99:Src/stm32g0xx_hal_msp.c **** {
 118              		.loc 1 99 1 is_stmt 1 view -0
 119              		.cfi_startproc
 120              		@ args = 0, pretend = 0, frame = 16
 121              		@ frame_needed = 0, uses_anonymous_args = 0
 122              		.loc 1 99 1 is_stmt 0 view .LVU20
 123 0000 00B5     		push	{lr}
 124              	.LCFI2:
 125              		.cfi_def_cfa_offset 4
 126              		.cfi_offset 14, -4
 127 0002 85B0     		sub	sp, sp, #20
 128              	.LCFI3:
 129              		.cfi_def_cfa_offset 24
 100:Src/stm32g0xx_hal_msp.c ****   if(htim_base->Instance==TIM1)
 130              		.loc 1 100 3 is_stmt 1 view .LVU21
 131              		.loc 1 100 15 is_stmt 0 view .LVU22
ARM GAS  C:\Users\EMBEDD~1\AppData\Local\Temp\ccURlfun.s 			page 5


 132 0004 0368     		ldr	r3, [r0]
 133              		.loc 1 100 5 view .LVU23
 134 0006 304A     		ldr	r2, .L13
 135 0008 9342     		cmp	r3, r2
 136 000a 0AD0     		beq	.L9
 101:Src/stm32g0xx_hal_msp.c ****   {
 102:Src/stm32g0xx_hal_msp.c ****   /* USER CODE BEGIN TIM1_MspInit 0 */
 103:Src/stm32g0xx_hal_msp.c **** 
 104:Src/stm32g0xx_hal_msp.c ****   /* USER CODE END TIM1_MspInit 0 */
 105:Src/stm32g0xx_hal_msp.c ****     /* Peripheral clock enable */
 106:Src/stm32g0xx_hal_msp.c ****     __HAL_RCC_TIM1_CLK_ENABLE();
 107:Src/stm32g0xx_hal_msp.c ****     /* TIM1 interrupt Init */
 108:Src/stm32g0xx_hal_msp.c ****     HAL_NVIC_SetPriority(TIM1_BRK_UP_TRG_COM_IRQn, 3, 0);
 109:Src/stm32g0xx_hal_msp.c ****     HAL_NVIC_EnableIRQ(TIM1_BRK_UP_TRG_COM_IRQn);
 110:Src/stm32g0xx_hal_msp.c ****     HAL_NVIC_SetPriority(TIM1_CC_IRQn, 3, 0);
 111:Src/stm32g0xx_hal_msp.c ****     HAL_NVIC_EnableIRQ(TIM1_CC_IRQn);
 112:Src/stm32g0xx_hal_msp.c ****   /* USER CODE BEGIN TIM1_MspInit 1 */
 113:Src/stm32g0xx_hal_msp.c **** 
 114:Src/stm32g0xx_hal_msp.c ****   /* USER CODE END TIM1_MspInit 1 */
 115:Src/stm32g0xx_hal_msp.c ****   }
 116:Src/stm32g0xx_hal_msp.c ****   else if(htim_base->Instance==TIM3)
 137              		.loc 1 116 8 is_stmt 1 view .LVU24
 138              		.loc 1 116 10 is_stmt 0 view .LVU25
 139 000c 2F4A     		ldr	r2, .L13+4
 140 000e 9342     		cmp	r3, r2
 141 0010 22D0     		beq	.L10
 117:Src/stm32g0xx_hal_msp.c ****   {
 118:Src/stm32g0xx_hal_msp.c ****   /* USER CODE BEGIN TIM3_MspInit 0 */
 119:Src/stm32g0xx_hal_msp.c **** 
 120:Src/stm32g0xx_hal_msp.c ****   /* USER CODE END TIM3_MspInit 0 */
 121:Src/stm32g0xx_hal_msp.c ****     /* Peripheral clock enable */
 122:Src/stm32g0xx_hal_msp.c ****     __HAL_RCC_TIM3_CLK_ENABLE();
 123:Src/stm32g0xx_hal_msp.c ****     /* TIM3 interrupt Init */
 124:Src/stm32g0xx_hal_msp.c ****     HAL_NVIC_SetPriority(TIM3_IRQn, 2, 0);
 125:Src/stm32g0xx_hal_msp.c ****     HAL_NVIC_EnableIRQ(TIM3_IRQn);
 126:Src/stm32g0xx_hal_msp.c ****   /* USER CODE BEGIN TIM3_MspInit 1 */
 127:Src/stm32g0xx_hal_msp.c **** 
 128:Src/stm32g0xx_hal_msp.c ****   /* USER CODE END TIM3_MspInit 1 */
 129:Src/stm32g0xx_hal_msp.c ****   }
 130:Src/stm32g0xx_hal_msp.c ****   else if(htim_base->Instance==TIM6)
 142              		.loc 1 130 8 is_stmt 1 view .LVU26
 143              		.loc 1 130 10 is_stmt 0 view .LVU27
 144 0012 2F4A     		ldr	r2, .L13+8
 145 0014 9342     		cmp	r3, r2
 146 0016 31D0     		beq	.L11
 131:Src/stm32g0xx_hal_msp.c ****   {
 132:Src/stm32g0xx_hal_msp.c ****   /* USER CODE BEGIN TIM6_MspInit 0 */
 133:Src/stm32g0xx_hal_msp.c **** 
 134:Src/stm32g0xx_hal_msp.c ****   /* USER CODE END TIM6_MspInit 0 */
 135:Src/stm32g0xx_hal_msp.c ****     /* Peripheral clock enable */
 136:Src/stm32g0xx_hal_msp.c ****     __HAL_RCC_TIM6_CLK_ENABLE();
 137:Src/stm32g0xx_hal_msp.c ****     /* TIM6 interrupt Init */
 138:Src/stm32g0xx_hal_msp.c ****     HAL_NVIC_SetPriority(TIM6_IRQn, 0, 0);
 139:Src/stm32g0xx_hal_msp.c ****     HAL_NVIC_EnableIRQ(TIM6_IRQn);
 140:Src/stm32g0xx_hal_msp.c ****   /* USER CODE BEGIN TIM6_MspInit 1 */
 141:Src/stm32g0xx_hal_msp.c **** 
 142:Src/stm32g0xx_hal_msp.c ****   /* USER CODE END TIM6_MspInit 1 */
ARM GAS  C:\Users\EMBEDD~1\AppData\Local\Temp\ccURlfun.s 			page 6


 143:Src/stm32g0xx_hal_msp.c ****   }
 144:Src/stm32g0xx_hal_msp.c ****   else if(htim_base->Instance==TIM15)
 147              		.loc 1 144 8 is_stmt 1 view .LVU28
 148              		.loc 1 144 10 is_stmt 0 view .LVU29
 149 0018 2E4A     		ldr	r2, .L13+12
 150 001a 9342     		cmp	r3, r2
 151 001c 40D0     		beq	.L12
 152              	.LVL6:
 153              	.L4:
 145:Src/stm32g0xx_hal_msp.c ****   {
 146:Src/stm32g0xx_hal_msp.c ****   /* USER CODE BEGIN TIM15_MspInit 0 */
 147:Src/stm32g0xx_hal_msp.c **** 
 148:Src/stm32g0xx_hal_msp.c ****   /* USER CODE END TIM15_MspInit 0 */
 149:Src/stm32g0xx_hal_msp.c ****     /* Peripheral clock enable */
 150:Src/stm32g0xx_hal_msp.c ****     __HAL_RCC_TIM15_CLK_ENABLE();
 151:Src/stm32g0xx_hal_msp.c ****     /* TIM15 interrupt Init */
 152:Src/stm32g0xx_hal_msp.c ****     HAL_NVIC_SetPriority(TIM15_IRQn, 0, 0);
 153:Src/stm32g0xx_hal_msp.c ****     HAL_NVIC_EnableIRQ(TIM15_IRQn);
 154:Src/stm32g0xx_hal_msp.c ****   /* USER CODE BEGIN TIM15_MspInit 1 */
 155:Src/stm32g0xx_hal_msp.c **** 
 156:Src/stm32g0xx_hal_msp.c ****   /* USER CODE END TIM15_MspInit 1 */
 157:Src/stm32g0xx_hal_msp.c ****   }
 158:Src/stm32g0xx_hal_msp.c **** 
 159:Src/stm32g0xx_hal_msp.c **** }
 154              		.loc 1 159 1 view .LVU30
 155 001e 05B0     		add	sp, sp, #20
 156              		@ sp needed
 157 0020 00BD     		pop	{pc}
 158              	.LVL7:
 159              	.L9:
 106:Src/stm32g0xx_hal_msp.c ****     /* TIM1 interrupt Init */
 160              		.loc 1 106 5 is_stmt 1 view .LVU31
 161              	.LBB4:
 106:Src/stm32g0xx_hal_msp.c ****     /* TIM1 interrupt Init */
 162              		.loc 1 106 5 view .LVU32
 106:Src/stm32g0xx_hal_msp.c ****     /* TIM1 interrupt Init */
 163              		.loc 1 106 5 view .LVU33
 164 0022 2D4A     		ldr	r2, .L13+16
 165 0024 116C     		ldr	r1, [r2, #64]
 166 0026 8020     		movs	r0, #128
 167              	.LVL8:
 106:Src/stm32g0xx_hal_msp.c ****     /* TIM1 interrupt Init */
 168              		.loc 1 106 5 is_stmt 0 view .LVU34
 169 0028 0001     		lsls	r0, r0, #4
 170 002a 0143     		orrs	r1, r0
 171 002c 1164     		str	r1, [r2, #64]
 106:Src/stm32g0xx_hal_msp.c ****     /* TIM1 interrupt Init */
 172              		.loc 1 106 5 is_stmt 1 view .LVU35
 173 002e 136C     		ldr	r3, [r2, #64]
 174 0030 0340     		ands	r3, r0
 175 0032 0093     		str	r3, [sp]
 106:Src/stm32g0xx_hal_msp.c ****     /* TIM1 interrupt Init */
 176              		.loc 1 106 5 view .LVU36
 177 0034 009B     		ldr	r3, [sp]
 178              	.LBE4:
 106:Src/stm32g0xx_hal_msp.c ****     /* TIM1 interrupt Init */
 179              		.loc 1 106 5 view .LVU37
ARM GAS  C:\Users\EMBEDD~1\AppData\Local\Temp\ccURlfun.s 			page 7


 108:Src/stm32g0xx_hal_msp.c ****     HAL_NVIC_EnableIRQ(TIM1_BRK_UP_TRG_COM_IRQn);
 180              		.loc 1 108 5 view .LVU38
 181 0036 0022     		movs	r2, #0
 182 0038 0321     		movs	r1, #3
 183 003a 0D20     		movs	r0, #13
 184 003c FFF7FEFF 		bl	HAL_NVIC_SetPriority
 185              	.LVL9:
 109:Src/stm32g0xx_hal_msp.c ****     HAL_NVIC_SetPriority(TIM1_CC_IRQn, 3, 0);
 186              		.loc 1 109 5 view .LVU39
 187 0040 0D20     		movs	r0, #13
 188 0042 FFF7FEFF 		bl	HAL_NVIC_EnableIRQ
 189              	.LVL10:
 110:Src/stm32g0xx_hal_msp.c ****     HAL_NVIC_EnableIRQ(TIM1_CC_IRQn);
 190              		.loc 1 110 5 view .LVU40
 191 0046 0022     		movs	r2, #0
 192 0048 0321     		movs	r1, #3
 193 004a 0E20     		movs	r0, #14
 194 004c FFF7FEFF 		bl	HAL_NVIC_SetPriority
 195              	.LVL11:
 111:Src/stm32g0xx_hal_msp.c ****   /* USER CODE BEGIN TIM1_MspInit 1 */
 196              		.loc 1 111 5 view .LVU41
 197 0050 0E20     		movs	r0, #14
 198 0052 FFF7FEFF 		bl	HAL_NVIC_EnableIRQ
 199              	.LVL12:
 200 0056 E2E7     		b	.L4
 201              	.LVL13:
 202              	.L10:
 122:Src/stm32g0xx_hal_msp.c ****     /* TIM3 interrupt Init */
 203              		.loc 1 122 5 view .LVU42
 204              	.LBB5:
 122:Src/stm32g0xx_hal_msp.c ****     /* TIM3 interrupt Init */
 205              		.loc 1 122 5 view .LVU43
 122:Src/stm32g0xx_hal_msp.c ****     /* TIM3 interrupt Init */
 206              		.loc 1 122 5 view .LVU44
 207 0058 1F4A     		ldr	r2, .L13+16
 208 005a D16B     		ldr	r1, [r2, #60]
 209 005c 0223     		movs	r3, #2
 210 005e 1943     		orrs	r1, r3
 211 0060 D163     		str	r1, [r2, #60]
 122:Src/stm32g0xx_hal_msp.c ****     /* TIM3 interrupt Init */
 212              		.loc 1 122 5 view .LVU45
 213 0062 D26B     		ldr	r2, [r2, #60]
 214 0064 1340     		ands	r3, r2
 215 0066 0193     		str	r3, [sp, #4]
 122:Src/stm32g0xx_hal_msp.c ****     /* TIM3 interrupt Init */
 216              		.loc 1 122 5 view .LVU46
 217 0068 019B     		ldr	r3, [sp, #4]
 218              	.LBE5:
 122:Src/stm32g0xx_hal_msp.c ****     /* TIM3 interrupt Init */
 219              		.loc 1 122 5 view .LVU47
 124:Src/stm32g0xx_hal_msp.c ****     HAL_NVIC_EnableIRQ(TIM3_IRQn);
 220              		.loc 1 124 5 view .LVU48
 221 006a 0022     		movs	r2, #0
 222 006c 0221     		movs	r1, #2
 223 006e 1020     		movs	r0, #16
 224              	.LVL14:
 124:Src/stm32g0xx_hal_msp.c ****     HAL_NVIC_EnableIRQ(TIM3_IRQn);
ARM GAS  C:\Users\EMBEDD~1\AppData\Local\Temp\ccURlfun.s 			page 8


 225              		.loc 1 124 5 is_stmt 0 view .LVU49
 226 0070 FFF7FEFF 		bl	HAL_NVIC_SetPriority
 227              	.LVL15:
 125:Src/stm32g0xx_hal_msp.c ****   /* USER CODE BEGIN TIM3_MspInit 1 */
 228              		.loc 1 125 5 is_stmt 1 view .LVU50
 229 0074 1020     		movs	r0, #16
 230 0076 FFF7FEFF 		bl	HAL_NVIC_EnableIRQ
 231              	.LVL16:
 232 007a D0E7     		b	.L4
 233              	.LVL17:
 234              	.L11:
 136:Src/stm32g0xx_hal_msp.c ****     /* TIM6 interrupt Init */
 235              		.loc 1 136 5 view .LVU51
 236              	.LBB6:
 136:Src/stm32g0xx_hal_msp.c ****     /* TIM6 interrupt Init */
 237              		.loc 1 136 5 view .LVU52
 136:Src/stm32g0xx_hal_msp.c ****     /* TIM6 interrupt Init */
 238              		.loc 1 136 5 view .LVU53
 239 007c 164A     		ldr	r2, .L13+16
 240 007e D16B     		ldr	r1, [r2, #60]
 241 0080 1023     		movs	r3, #16
 242 0082 1943     		orrs	r1, r3
 243 0084 D163     		str	r1, [r2, #60]
 136:Src/stm32g0xx_hal_msp.c ****     /* TIM6 interrupt Init */
 244              		.loc 1 136 5 view .LVU54
 245 0086 D26B     		ldr	r2, [r2, #60]
 246 0088 1340     		ands	r3, r2
 247 008a 0293     		str	r3, [sp, #8]
 136:Src/stm32g0xx_hal_msp.c ****     /* TIM6 interrupt Init */
 248              		.loc 1 136 5 view .LVU55
 249 008c 029B     		ldr	r3, [sp, #8]
 250              	.LBE6:
 136:Src/stm32g0xx_hal_msp.c ****     /* TIM6 interrupt Init */
 251              		.loc 1 136 5 view .LVU56
 138:Src/stm32g0xx_hal_msp.c ****     HAL_NVIC_EnableIRQ(TIM6_IRQn);
 252              		.loc 1 138 5 view .LVU57
 253 008e 0022     		movs	r2, #0
 254 0090 0021     		movs	r1, #0
 255 0092 1120     		movs	r0, #17
 256              	.LVL18:
 138:Src/stm32g0xx_hal_msp.c ****     HAL_NVIC_EnableIRQ(TIM6_IRQn);
 257              		.loc 1 138 5 is_stmt 0 view .LVU58
 258 0094 FFF7FEFF 		bl	HAL_NVIC_SetPriority
 259              	.LVL19:
 139:Src/stm32g0xx_hal_msp.c ****   /* USER CODE BEGIN TIM6_MspInit 1 */
 260              		.loc 1 139 5 is_stmt 1 view .LVU59
 261 0098 1120     		movs	r0, #17
 262 009a FFF7FEFF 		bl	HAL_NVIC_EnableIRQ
 263              	.LVL20:
 264 009e BEE7     		b	.L4
 265              	.LVL21:
 266              	.L12:
 150:Src/stm32g0xx_hal_msp.c ****     /* TIM15 interrupt Init */
 267              		.loc 1 150 5 view .LVU60
 268              	.LBB7:
 150:Src/stm32g0xx_hal_msp.c ****     /* TIM15 interrupt Init */
 269              		.loc 1 150 5 view .LVU61
ARM GAS  C:\Users\EMBEDD~1\AppData\Local\Temp\ccURlfun.s 			page 9


 150:Src/stm32g0xx_hal_msp.c ****     /* TIM15 interrupt Init */
 270              		.loc 1 150 5 view .LVU62
 271 00a0 0D4A     		ldr	r2, .L13+16
 272 00a2 116C     		ldr	r1, [r2, #64]
 273 00a4 8020     		movs	r0, #128
 274              	.LVL22:
 150:Src/stm32g0xx_hal_msp.c ****     /* TIM15 interrupt Init */
 275              		.loc 1 150 5 is_stmt 0 view .LVU63
 276 00a6 4002     		lsls	r0, r0, #9
 277 00a8 0143     		orrs	r1, r0
 278 00aa 1164     		str	r1, [r2, #64]
 150:Src/stm32g0xx_hal_msp.c ****     /* TIM15 interrupt Init */
 279              		.loc 1 150 5 is_stmt 1 view .LVU64
 280 00ac 136C     		ldr	r3, [r2, #64]
 281 00ae 0340     		ands	r3, r0
 282 00b0 0393     		str	r3, [sp, #12]
 150:Src/stm32g0xx_hal_msp.c ****     /* TIM15 interrupt Init */
 283              		.loc 1 150 5 view .LVU65
 284 00b2 039B     		ldr	r3, [sp, #12]
 285              	.LBE7:
 150:Src/stm32g0xx_hal_msp.c ****     /* TIM15 interrupt Init */
 286              		.loc 1 150 5 view .LVU66
 152:Src/stm32g0xx_hal_msp.c ****     HAL_NVIC_EnableIRQ(TIM15_IRQn);
 287              		.loc 1 152 5 view .LVU67
 288 00b4 0022     		movs	r2, #0
 289 00b6 0021     		movs	r1, #0
 290 00b8 1420     		movs	r0, #20
 291 00ba FFF7FEFF 		bl	HAL_NVIC_SetPriority
 292              	.LVL23:
 153:Src/stm32g0xx_hal_msp.c ****   /* USER CODE BEGIN TIM15_MspInit 1 */
 293              		.loc 1 153 5 view .LVU68
 294 00be 1420     		movs	r0, #20
 295 00c0 FFF7FEFF 		bl	HAL_NVIC_EnableIRQ
 296              	.LVL24:
 297              		.loc 1 159 1 is_stmt 0 view .LVU69
 298 00c4 ABE7     		b	.L4
 299              	.L14:
 300 00c6 C046     		.align	2
 301              	.L13:
 302 00c8 002C0140 		.word	1073818624
 303 00cc 00040040 		.word	1073742848
 304 00d0 00100040 		.word	1073745920
 305 00d4 00400140 		.word	1073823744
 306 00d8 00100240 		.word	1073876992
 307              		.cfi_endproc
 308              	.LFE311:
 310              		.section	.text.HAL_TIM_Base_MspDeInit,"ax",%progbits
 311              		.align	1
 312              		.global	HAL_TIM_Base_MspDeInit
 313              		.syntax unified
 314              		.code	16
 315              		.thumb_func
 317              	HAL_TIM_Base_MspDeInit:
 318              	.LVL25:
 319              	.LFB312:
 160:Src/stm32g0xx_hal_msp.c **** 
 161:Src/stm32g0xx_hal_msp.c **** /**
ARM GAS  C:\Users\EMBEDD~1\AppData\Local\Temp\ccURlfun.s 			page 10


 162:Src/stm32g0xx_hal_msp.c **** * @brief TIM_Base MSP De-Initialization
 163:Src/stm32g0xx_hal_msp.c **** * This function freeze the hardware resources used in this example
 164:Src/stm32g0xx_hal_msp.c **** * @param htim_base: TIM_Base handle pointer
 165:Src/stm32g0xx_hal_msp.c **** * @retval None
 166:Src/stm32g0xx_hal_msp.c **** */
 167:Src/stm32g0xx_hal_msp.c **** void HAL_TIM_Base_MspDeInit(TIM_HandleTypeDef* htim_base)
 168:Src/stm32g0xx_hal_msp.c **** {
 320              		.loc 1 168 1 is_stmt 1 view -0
 321              		.cfi_startproc
 322              		@ args = 0, pretend = 0, frame = 0
 323              		@ frame_needed = 0, uses_anonymous_args = 0
 324              		.loc 1 168 1 is_stmt 0 view .LVU71
 325 0000 10B5     		push	{r4, lr}
 326              	.LCFI4:
 327              		.cfi_def_cfa_offset 8
 328              		.cfi_offset 4, -8
 329              		.cfi_offset 14, -4
 169:Src/stm32g0xx_hal_msp.c ****   if(htim_base->Instance==TIM1)
 330              		.loc 1 169 3 is_stmt 1 view .LVU72
 331              		.loc 1 169 15 is_stmt 0 view .LVU73
 332 0002 0368     		ldr	r3, [r0]
 333              		.loc 1 169 5 view .LVU74
 334 0004 194A     		ldr	r2, .L24
 335 0006 9342     		cmp	r3, r2
 336 0008 09D0     		beq	.L20
 170:Src/stm32g0xx_hal_msp.c ****   {
 171:Src/stm32g0xx_hal_msp.c ****   /* USER CODE BEGIN TIM1_MspDeInit 0 */
 172:Src/stm32g0xx_hal_msp.c **** 
 173:Src/stm32g0xx_hal_msp.c ****   /* USER CODE END TIM1_MspDeInit 0 */
 174:Src/stm32g0xx_hal_msp.c ****     /* Peripheral clock disable */
 175:Src/stm32g0xx_hal_msp.c ****     __HAL_RCC_TIM1_CLK_DISABLE();
 176:Src/stm32g0xx_hal_msp.c **** 
 177:Src/stm32g0xx_hal_msp.c ****     /* TIM1 interrupt DeInit */
 178:Src/stm32g0xx_hal_msp.c ****     HAL_NVIC_DisableIRQ(TIM1_BRK_UP_TRG_COM_IRQn);
 179:Src/stm32g0xx_hal_msp.c ****     HAL_NVIC_DisableIRQ(TIM1_CC_IRQn);
 180:Src/stm32g0xx_hal_msp.c ****   /* USER CODE BEGIN TIM1_MspDeInit 1 */
 181:Src/stm32g0xx_hal_msp.c **** 
 182:Src/stm32g0xx_hal_msp.c ****   /* USER CODE END TIM1_MspDeInit 1 */
 183:Src/stm32g0xx_hal_msp.c ****   }
 184:Src/stm32g0xx_hal_msp.c ****   else if(htim_base->Instance==TIM3)
 337              		.loc 1 184 8 is_stmt 1 view .LVU75
 338              		.loc 1 184 10 is_stmt 0 view .LVU76
 339 000a 194A     		ldr	r2, .L24+4
 340 000c 9342     		cmp	r3, r2
 341 000e 12D0     		beq	.L21
 185:Src/stm32g0xx_hal_msp.c ****   {
 186:Src/stm32g0xx_hal_msp.c ****   /* USER CODE BEGIN TIM3_MspDeInit 0 */
 187:Src/stm32g0xx_hal_msp.c **** 
 188:Src/stm32g0xx_hal_msp.c ****   /* USER CODE END TIM3_MspDeInit 0 */
 189:Src/stm32g0xx_hal_msp.c ****     /* Peripheral clock disable */
 190:Src/stm32g0xx_hal_msp.c ****     __HAL_RCC_TIM3_CLK_DISABLE();
 191:Src/stm32g0xx_hal_msp.c **** 
 192:Src/stm32g0xx_hal_msp.c ****     /* TIM3 interrupt DeInit */
 193:Src/stm32g0xx_hal_msp.c ****     HAL_NVIC_DisableIRQ(TIM3_IRQn);
 194:Src/stm32g0xx_hal_msp.c ****   /* USER CODE BEGIN TIM3_MspDeInit 1 */
 195:Src/stm32g0xx_hal_msp.c **** 
 196:Src/stm32g0xx_hal_msp.c ****   /* USER CODE END TIM3_MspDeInit 1 */
ARM GAS  C:\Users\EMBEDD~1\AppData\Local\Temp\ccURlfun.s 			page 11


 197:Src/stm32g0xx_hal_msp.c ****   }
 198:Src/stm32g0xx_hal_msp.c ****   else if(htim_base->Instance==TIM6)
 342              		.loc 1 198 8 is_stmt 1 view .LVU77
 343              		.loc 1 198 10 is_stmt 0 view .LVU78
 344 0010 184A     		ldr	r2, .L24+8
 345 0012 9342     		cmp	r3, r2
 346 0014 18D0     		beq	.L22
 199:Src/stm32g0xx_hal_msp.c ****   {
 200:Src/stm32g0xx_hal_msp.c ****   /* USER CODE BEGIN TIM6_MspDeInit 0 */
 201:Src/stm32g0xx_hal_msp.c **** 
 202:Src/stm32g0xx_hal_msp.c ****   /* USER CODE END TIM6_MspDeInit 0 */
 203:Src/stm32g0xx_hal_msp.c ****     /* Peripheral clock disable */
 204:Src/stm32g0xx_hal_msp.c ****     __HAL_RCC_TIM6_CLK_DISABLE();
 205:Src/stm32g0xx_hal_msp.c **** 
 206:Src/stm32g0xx_hal_msp.c ****     /* TIM6 interrupt DeInit */
 207:Src/stm32g0xx_hal_msp.c ****     HAL_NVIC_DisableIRQ(TIM6_IRQn);
 208:Src/stm32g0xx_hal_msp.c ****   /* USER CODE BEGIN TIM6_MspDeInit 1 */
 209:Src/stm32g0xx_hal_msp.c **** 
 210:Src/stm32g0xx_hal_msp.c ****   /* USER CODE END TIM6_MspDeInit 1 */
 211:Src/stm32g0xx_hal_msp.c ****   }
 212:Src/stm32g0xx_hal_msp.c ****   else if(htim_base->Instance==TIM15)
 347              		.loc 1 212 8 is_stmt 1 view .LVU79
 348              		.loc 1 212 10 is_stmt 0 view .LVU80
 349 0016 184A     		ldr	r2, .L24+12
 350 0018 9342     		cmp	r3, r2
 351 001a 1ED0     		beq	.L23
 352              	.LVL26:
 353              	.L15:
 213:Src/stm32g0xx_hal_msp.c ****   {
 214:Src/stm32g0xx_hal_msp.c ****   /* USER CODE BEGIN TIM15_MspDeInit 0 */
 215:Src/stm32g0xx_hal_msp.c **** 
 216:Src/stm32g0xx_hal_msp.c ****   /* USER CODE END TIM15_MspDeInit 0 */
 217:Src/stm32g0xx_hal_msp.c ****     /* Peripheral clock disable */
 218:Src/stm32g0xx_hal_msp.c ****     __HAL_RCC_TIM15_CLK_DISABLE();
 219:Src/stm32g0xx_hal_msp.c **** 
 220:Src/stm32g0xx_hal_msp.c ****     /* TIM15 interrupt DeInit */
 221:Src/stm32g0xx_hal_msp.c ****     HAL_NVIC_DisableIRQ(TIM15_IRQn);
 222:Src/stm32g0xx_hal_msp.c ****   /* USER CODE BEGIN TIM15_MspDeInit 1 */
 223:Src/stm32g0xx_hal_msp.c **** 
 224:Src/stm32g0xx_hal_msp.c ****   /* USER CODE END TIM15_MspDeInit 1 */
 225:Src/stm32g0xx_hal_msp.c ****   }
 226:Src/stm32g0xx_hal_msp.c **** 
 227:Src/stm32g0xx_hal_msp.c **** }
 354              		.loc 1 227 1 view .LVU81
 355              		@ sp needed
 356 001c 10BD     		pop	{r4, pc}
 357              	.LVL27:
 358              	.L20:
 175:Src/stm32g0xx_hal_msp.c **** 
 359              		.loc 1 175 5 is_stmt 1 view .LVU82
 360 001e 174A     		ldr	r2, .L24+16
 361 0020 136C     		ldr	r3, [r2, #64]
 362 0022 1749     		ldr	r1, .L24+20
 363 0024 0B40     		ands	r3, r1
 364 0026 1364     		str	r3, [r2, #64]
 178:Src/stm32g0xx_hal_msp.c ****     HAL_NVIC_DisableIRQ(TIM1_CC_IRQn);
 365              		.loc 1 178 5 view .LVU83
ARM GAS  C:\Users\EMBEDD~1\AppData\Local\Temp\ccURlfun.s 			page 12


 366 0028 0D20     		movs	r0, #13
 367              	.LVL28:
 178:Src/stm32g0xx_hal_msp.c ****     HAL_NVIC_DisableIRQ(TIM1_CC_IRQn);
 368              		.loc 1 178 5 is_stmt 0 view .LVU84
 369 002a FFF7FEFF 		bl	HAL_NVIC_DisableIRQ
 370              	.LVL29:
 179:Src/stm32g0xx_hal_msp.c ****   /* USER CODE BEGIN TIM1_MspDeInit 1 */
 371              		.loc 1 179 5 is_stmt 1 view .LVU85
 372 002e 0E20     		movs	r0, #14
 373 0030 FFF7FEFF 		bl	HAL_NVIC_DisableIRQ
 374              	.LVL30:
 375 0034 F2E7     		b	.L15
 376              	.LVL31:
 377              	.L21:
 190:Src/stm32g0xx_hal_msp.c **** 
 378              		.loc 1 190 5 view .LVU86
 379 0036 114A     		ldr	r2, .L24+16
 380 0038 D36B     		ldr	r3, [r2, #60]
 381 003a 0221     		movs	r1, #2
 382 003c 8B43     		bics	r3, r1
 383 003e D363     		str	r3, [r2, #60]
 193:Src/stm32g0xx_hal_msp.c ****   /* USER CODE BEGIN TIM3_MspDeInit 1 */
 384              		.loc 1 193 5 view .LVU87
 385 0040 1020     		movs	r0, #16
 386              	.LVL32:
 193:Src/stm32g0xx_hal_msp.c ****   /* USER CODE BEGIN TIM3_MspDeInit 1 */
 387              		.loc 1 193 5 is_stmt 0 view .LVU88
 388 0042 FFF7FEFF 		bl	HAL_NVIC_DisableIRQ
 389              	.LVL33:
 390 0046 E9E7     		b	.L15
 391              	.LVL34:
 392              	.L22:
 204:Src/stm32g0xx_hal_msp.c **** 
 393              		.loc 1 204 5 is_stmt 1 view .LVU89
 394 0048 0C4A     		ldr	r2, .L24+16
 395 004a D36B     		ldr	r3, [r2, #60]
 396 004c 1021     		movs	r1, #16
 397 004e 8B43     		bics	r3, r1
 398 0050 D363     		str	r3, [r2, #60]
 207:Src/stm32g0xx_hal_msp.c ****   /* USER CODE BEGIN TIM6_MspDeInit 1 */
 399              		.loc 1 207 5 view .LVU90
 400 0052 1120     		movs	r0, #17
 401              	.LVL35:
 207:Src/stm32g0xx_hal_msp.c ****   /* USER CODE BEGIN TIM6_MspDeInit 1 */
 402              		.loc 1 207 5 is_stmt 0 view .LVU91
 403 0054 FFF7FEFF 		bl	HAL_NVIC_DisableIRQ
 404              	.LVL36:
 405 0058 E0E7     		b	.L15
 406              	.LVL37:
 407              	.L23:
 218:Src/stm32g0xx_hal_msp.c **** 
 408              		.loc 1 218 5 is_stmt 1 view .LVU92
 409 005a 084A     		ldr	r2, .L24+16
 410 005c 136C     		ldr	r3, [r2, #64]
 411 005e 0949     		ldr	r1, .L24+24
 412 0060 0B40     		ands	r3, r1
 413 0062 1364     		str	r3, [r2, #64]
ARM GAS  C:\Users\EMBEDD~1\AppData\Local\Temp\ccURlfun.s 			page 13


 221:Src/stm32g0xx_hal_msp.c ****   /* USER CODE BEGIN TIM15_MspDeInit 1 */
 414              		.loc 1 221 5 view .LVU93
 415 0064 1420     		movs	r0, #20
 416              	.LVL38:
 221:Src/stm32g0xx_hal_msp.c ****   /* USER CODE BEGIN TIM15_MspDeInit 1 */
 417              		.loc 1 221 5 is_stmt 0 view .LVU94
 418 0066 FFF7FEFF 		bl	HAL_NVIC_DisableIRQ
 419              	.LVL39:
 420              		.loc 1 227 1 view .LVU95
 421 006a D7E7     		b	.L15
 422              	.L25:
 423              		.align	2
 424              	.L24:
 425 006c 002C0140 		.word	1073818624
 426 0070 00040040 		.word	1073742848
 427 0074 00100040 		.word	1073745920
 428 0078 00400140 		.word	1073823744
 429 007c 00100240 		.word	1073876992
 430 0080 FFF7FFFF 		.word	-2049
 431 0084 FFFFFEFF 		.word	-65537
 432              		.cfi_endproc
 433              	.LFE312:
 435              		.section	.text.HAL_UART_MspInit,"ax",%progbits
 436              		.align	1
 437              		.global	HAL_UART_MspInit
 438              		.syntax unified
 439              		.code	16
 440              		.thumb_func
 442              	HAL_UART_MspInit:
 443              	.LVL40:
 444              	.LFB313:
 228:Src/stm32g0xx_hal_msp.c **** 
 229:Src/stm32g0xx_hal_msp.c **** /**
 230:Src/stm32g0xx_hal_msp.c **** * @brief UART MSP Initialization
 231:Src/stm32g0xx_hal_msp.c **** * This function configures the hardware resources used in this example
 232:Src/stm32g0xx_hal_msp.c **** * @param huart: UART handle pointer
 233:Src/stm32g0xx_hal_msp.c **** * @retval None
 234:Src/stm32g0xx_hal_msp.c **** */
 235:Src/stm32g0xx_hal_msp.c **** void HAL_UART_MspInit(UART_HandleTypeDef* huart)
 236:Src/stm32g0xx_hal_msp.c **** {
 445              		.loc 1 236 1 is_stmt 1 view -0
 446              		.cfi_startproc
 447              		@ args = 0, pretend = 0, frame = 72
 448              		@ frame_needed = 0, uses_anonymous_args = 0
 449              		.loc 1 236 1 is_stmt 0 view .LVU97
 450 0000 10B5     		push	{r4, lr}
 451              	.LCFI5:
 452              		.cfi_def_cfa_offset 8
 453              		.cfi_offset 4, -8
 454              		.cfi_offset 14, -4
 455 0002 92B0     		sub	sp, sp, #72
 456              	.LCFI6:
 457              		.cfi_def_cfa_offset 80
 458 0004 0400     		movs	r4, r0
 237:Src/stm32g0xx_hal_msp.c ****   GPIO_InitTypeDef GPIO_InitStruct = {0};
 459              		.loc 1 237 3 is_stmt 1 view .LVU98
 460              		.loc 1 237 20 is_stmt 0 view .LVU99
ARM GAS  C:\Users\EMBEDD~1\AppData\Local\Temp\ccURlfun.s 			page 14


 461 0006 1422     		movs	r2, #20
 462 0008 0021     		movs	r1, #0
 463 000a 0DA8     		add	r0, sp, #52
 464              	.LVL41:
 465              		.loc 1 237 20 view .LVU100
 466 000c FFF7FEFF 		bl	memset
 467              	.LVL42:
 238:Src/stm32g0xx_hal_msp.c ****   RCC_PeriphCLKInitTypeDef PeriphClkInit = {0};
 468              		.loc 1 238 3 is_stmt 1 view .LVU101
 469              		.loc 1 238 28 is_stmt 0 view .LVU102
 470 0010 1C22     		movs	r2, #28
 471 0012 0021     		movs	r1, #0
 472 0014 06A8     		add	r0, sp, #24
 473 0016 FFF7FEFF 		bl	memset
 474              	.LVL43:
 239:Src/stm32g0xx_hal_msp.c ****   if(huart->Instance==USART1)
 475              		.loc 1 239 3 is_stmt 1 view .LVU103
 476              		.loc 1 239 11 is_stmt 0 view .LVU104
 477 001a 2368     		ldr	r3, [r4]
 478              		.loc 1 239 5 view .LVU105
 479 001c 4B4A     		ldr	r2, .L37
 480 001e 9342     		cmp	r3, r2
 481 0020 07D0     		beq	.L32
 240:Src/stm32g0xx_hal_msp.c ****   {
 241:Src/stm32g0xx_hal_msp.c ****   /* USER CODE BEGIN USART1_MspInit 0 */
 242:Src/stm32g0xx_hal_msp.c **** 
 243:Src/stm32g0xx_hal_msp.c ****   /* USER CODE END USART1_MspInit 0 */
 244:Src/stm32g0xx_hal_msp.c **** 
 245:Src/stm32g0xx_hal_msp.c ****   /** Initializes the peripherals clocks
 246:Src/stm32g0xx_hal_msp.c ****   */
 247:Src/stm32g0xx_hal_msp.c ****     PeriphClkInit.PeriphClockSelection = RCC_PERIPHCLK_USART1;
 248:Src/stm32g0xx_hal_msp.c ****     PeriphClkInit.Usart1ClockSelection = RCC_USART1CLKSOURCE_PCLK1;
 249:Src/stm32g0xx_hal_msp.c ****     if (HAL_RCCEx_PeriphCLKConfig(&PeriphClkInit) != HAL_OK)
 250:Src/stm32g0xx_hal_msp.c ****     {
 251:Src/stm32g0xx_hal_msp.c ****       Error_Handler();
 252:Src/stm32g0xx_hal_msp.c ****     }
 253:Src/stm32g0xx_hal_msp.c **** 
 254:Src/stm32g0xx_hal_msp.c ****     /* Peripheral clock enable */
 255:Src/stm32g0xx_hal_msp.c ****     __HAL_RCC_USART1_CLK_ENABLE();
 256:Src/stm32g0xx_hal_msp.c **** 
 257:Src/stm32g0xx_hal_msp.c ****     __HAL_RCC_GPIOA_CLK_ENABLE();
 258:Src/stm32g0xx_hal_msp.c ****     /**USART1 GPIO Configuration
 259:Src/stm32g0xx_hal_msp.c ****     PA9     ------> USART1_TX
 260:Src/stm32g0xx_hal_msp.c ****     PA10     ------> USART1_RX
 261:Src/stm32g0xx_hal_msp.c ****     */
 262:Src/stm32g0xx_hal_msp.c ****     GPIO_InitStruct.Pin = RS485_Modbus_Tx_Pin|RS485_Modbus_Rx_Pin;
 263:Src/stm32g0xx_hal_msp.c ****     GPIO_InitStruct.Mode = GPIO_MODE_AF_PP;
 264:Src/stm32g0xx_hal_msp.c ****     GPIO_InitStruct.Pull = GPIO_NOPULL;
 265:Src/stm32g0xx_hal_msp.c ****     GPIO_InitStruct.Speed = GPIO_SPEED_FREQ_VERY_HIGH;
 266:Src/stm32g0xx_hal_msp.c ****     GPIO_InitStruct.Alternate = GPIO_AF1_USART1;
 267:Src/stm32g0xx_hal_msp.c ****     HAL_GPIO_Init(GPIOA, &GPIO_InitStruct);
 268:Src/stm32g0xx_hal_msp.c **** 
 269:Src/stm32g0xx_hal_msp.c ****     /* USART1 interrupt Init */
 270:Src/stm32g0xx_hal_msp.c ****     HAL_NVIC_SetPriority(USART1_IRQn, 1, 0);
 271:Src/stm32g0xx_hal_msp.c ****     HAL_NVIC_EnableIRQ(USART1_IRQn);
 272:Src/stm32g0xx_hal_msp.c ****   /* USER CODE BEGIN USART1_MspInit 1 */
 273:Src/stm32g0xx_hal_msp.c **** 
ARM GAS  C:\Users\EMBEDD~1\AppData\Local\Temp\ccURlfun.s 			page 15


 274:Src/stm32g0xx_hal_msp.c ****   /* USER CODE END USART1_MspInit 1 */
 275:Src/stm32g0xx_hal_msp.c ****   }
 276:Src/stm32g0xx_hal_msp.c ****   else if(huart->Instance==USART2)
 482              		.loc 1 276 8 is_stmt 1 view .LVU106
 483              		.loc 1 276 10 is_stmt 0 view .LVU107
 484 0022 4B4A     		ldr	r2, .L37+4
 485 0024 9342     		cmp	r3, r2
 486 0026 38D0     		beq	.L33
 277:Src/stm32g0xx_hal_msp.c ****   {
 278:Src/stm32g0xx_hal_msp.c ****   /* USER CODE BEGIN USART2_MspInit 0 */
 279:Src/stm32g0xx_hal_msp.c **** 
 280:Src/stm32g0xx_hal_msp.c ****   /* USER CODE END USART2_MspInit 0 */
 281:Src/stm32g0xx_hal_msp.c **** 
 282:Src/stm32g0xx_hal_msp.c ****   /** Initializes the peripherals clocks
 283:Src/stm32g0xx_hal_msp.c ****   */
 284:Src/stm32g0xx_hal_msp.c ****     PeriphClkInit.PeriphClockSelection = RCC_PERIPHCLK_USART2;
 285:Src/stm32g0xx_hal_msp.c ****     PeriphClkInit.Usart2ClockSelection = RCC_USART2CLKSOURCE_PCLK1;
 286:Src/stm32g0xx_hal_msp.c ****     if (HAL_RCCEx_PeriphCLKConfig(&PeriphClkInit) != HAL_OK)
 287:Src/stm32g0xx_hal_msp.c ****     {
 288:Src/stm32g0xx_hal_msp.c ****       Error_Handler();
 289:Src/stm32g0xx_hal_msp.c ****     }
 290:Src/stm32g0xx_hal_msp.c **** 
 291:Src/stm32g0xx_hal_msp.c ****     /* Peripheral clock enable */
 292:Src/stm32g0xx_hal_msp.c ****     __HAL_RCC_USART2_CLK_ENABLE();
 293:Src/stm32g0xx_hal_msp.c **** 
 294:Src/stm32g0xx_hal_msp.c ****     __HAL_RCC_GPIOA_CLK_ENABLE();
 295:Src/stm32g0xx_hal_msp.c ****     /**USART2 GPIO Configuration
 296:Src/stm32g0xx_hal_msp.c ****     PA2     ------> USART2_TX
 297:Src/stm32g0xx_hal_msp.c ****     PA3     ------> USART2_RX
 298:Src/stm32g0xx_hal_msp.c ****     */
 299:Src/stm32g0xx_hal_msp.c ****     GPIO_InitStruct.Pin = A7670C_SimCom_Tx_Pin|A7670C_SimCom_Rx_Pin;
 300:Src/stm32g0xx_hal_msp.c ****     GPIO_InitStruct.Mode = GPIO_MODE_AF_PP;
 301:Src/stm32g0xx_hal_msp.c ****     GPIO_InitStruct.Pull = GPIO_PULLDOWN;
 302:Src/stm32g0xx_hal_msp.c ****     GPIO_InitStruct.Speed = GPIO_SPEED_FREQ_VERY_HIGH;
 303:Src/stm32g0xx_hal_msp.c ****     GPIO_InitStruct.Alternate = GPIO_AF1_USART2;
 304:Src/stm32g0xx_hal_msp.c ****     HAL_GPIO_Init(GPIOA, &GPIO_InitStruct);
 305:Src/stm32g0xx_hal_msp.c **** 
 306:Src/stm32g0xx_hal_msp.c ****     /* USART2 interrupt Init */
 307:Src/stm32g0xx_hal_msp.c ****     HAL_NVIC_SetPriority(USART2_IRQn, 0, 0);
 308:Src/stm32g0xx_hal_msp.c ****     HAL_NVIC_EnableIRQ(USART2_IRQn);
 309:Src/stm32g0xx_hal_msp.c ****   /* USER CODE BEGIN USART2_MspInit 1 */
 310:Src/stm32g0xx_hal_msp.c **** 
 311:Src/stm32g0xx_hal_msp.c ****   /* USER CODE END USART2_MspInit 1 */
 312:Src/stm32g0xx_hal_msp.c ****   }
 313:Src/stm32g0xx_hal_msp.c ****   else if(huart->Instance==USART3)
 487              		.loc 1 313 8 is_stmt 1 view .LVU108
 488              		.loc 1 313 10 is_stmt 0 view .LVU109
 489 0028 4A4A     		ldr	r2, .L37+8
 490 002a 9342     		cmp	r3, r2
 491 002c 67D0     		beq	.L34
 492              	.L26:
 314:Src/stm32g0xx_hal_msp.c ****   {
 315:Src/stm32g0xx_hal_msp.c ****   /* USER CODE BEGIN USART3_MspInit 0 */
 316:Src/stm32g0xx_hal_msp.c **** 
 317:Src/stm32g0xx_hal_msp.c ****   /* USER CODE END USART3_MspInit 0 */
 318:Src/stm32g0xx_hal_msp.c **** 
 319:Src/stm32g0xx_hal_msp.c ****     /* Peripheral clock enable */
ARM GAS  C:\Users\EMBEDD~1\AppData\Local\Temp\ccURlfun.s 			page 16


 320:Src/stm32g0xx_hal_msp.c ****     __HAL_RCC_USART3_CLK_ENABLE();
 321:Src/stm32g0xx_hal_msp.c **** 
 322:Src/stm32g0xx_hal_msp.c ****     __HAL_RCC_GPIOB_CLK_ENABLE();
 323:Src/stm32g0xx_hal_msp.c ****     /**USART3 GPIO Configuration
 324:Src/stm32g0xx_hal_msp.c ****     PB0     ------> USART3_RX
 325:Src/stm32g0xx_hal_msp.c ****     PB2     ------> USART3_TX
 326:Src/stm32g0xx_hal_msp.c ****     */
 327:Src/stm32g0xx_hal_msp.c ****     GPIO_InitStruct.Pin = ESP32_WiFi_Rx_Pin|ESP32_WiFi_Tx_Pin;
 328:Src/stm32g0xx_hal_msp.c ****     GPIO_InitStruct.Mode = GPIO_MODE_AF_PP;
 329:Src/stm32g0xx_hal_msp.c ****     GPIO_InitStruct.Pull = GPIO_PULLDOWN;
 330:Src/stm32g0xx_hal_msp.c ****     GPIO_InitStruct.Speed = GPIO_SPEED_FREQ_VERY_HIGH;
 331:Src/stm32g0xx_hal_msp.c ****     GPIO_InitStruct.Alternate = GPIO_AF4_USART3;
 332:Src/stm32g0xx_hal_msp.c ****     HAL_GPIO_Init(GPIOB, &GPIO_InitStruct);
 333:Src/stm32g0xx_hal_msp.c **** 
 334:Src/stm32g0xx_hal_msp.c ****     /* USART3 interrupt Init */
 335:Src/stm32g0xx_hal_msp.c ****     HAL_NVIC_SetPriority(USART3_4_IRQn, 1, 0);
 336:Src/stm32g0xx_hal_msp.c ****     HAL_NVIC_EnableIRQ(USART3_4_IRQn);
 337:Src/stm32g0xx_hal_msp.c ****   /* USER CODE BEGIN USART3_MspInit 1 */
 338:Src/stm32g0xx_hal_msp.c **** 
 339:Src/stm32g0xx_hal_msp.c ****   /* USER CODE END USART3_MspInit 1 */
 340:Src/stm32g0xx_hal_msp.c ****   }
 341:Src/stm32g0xx_hal_msp.c **** 
 342:Src/stm32g0xx_hal_msp.c **** }
 493              		.loc 1 342 1 view .LVU110
 494 002e 12B0     		add	sp, sp, #72
 495              		@ sp needed
 496              	.LVL44:
 497              		.loc 1 342 1 view .LVU111
 498 0030 10BD     		pop	{r4, pc}
 499              	.LVL45:
 500              	.L32:
 247:Src/stm32g0xx_hal_msp.c ****     PeriphClkInit.Usart1ClockSelection = RCC_USART1CLKSOURCE_PCLK1;
 501              		.loc 1 247 5 is_stmt 1 view .LVU112
 247:Src/stm32g0xx_hal_msp.c ****     PeriphClkInit.Usart1ClockSelection = RCC_USART1CLKSOURCE_PCLK1;
 502              		.loc 1 247 40 is_stmt 0 view .LVU113
 503 0032 0123     		movs	r3, #1
 504 0034 0693     		str	r3, [sp, #24]
 248:Src/stm32g0xx_hal_msp.c ****     if (HAL_RCCEx_PeriphCLKConfig(&PeriphClkInit) != HAL_OK)
 505              		.loc 1 248 5 is_stmt 1 view .LVU114
 249:Src/stm32g0xx_hal_msp.c ****     {
 506              		.loc 1 249 5 view .LVU115
 249:Src/stm32g0xx_hal_msp.c ****     {
 507              		.loc 1 249 9 is_stmt 0 view .LVU116
 508 0036 06A8     		add	r0, sp, #24
 509 0038 FFF7FEFF 		bl	HAL_RCCEx_PeriphCLKConfig
 510              	.LVL46:
 249:Src/stm32g0xx_hal_msp.c ****     {
 511              		.loc 1 249 8 view .LVU117
 512 003c 0028     		cmp	r0, #0
 513 003e 29D1     		bne	.L35
 514              	.L28:
 255:Src/stm32g0xx_hal_msp.c **** 
 515              		.loc 1 255 5 is_stmt 1 view .LVU118
 516              	.LBB8:
 255:Src/stm32g0xx_hal_msp.c **** 
 517              		.loc 1 255 5 view .LVU119
 255:Src/stm32g0xx_hal_msp.c **** 
ARM GAS  C:\Users\EMBEDD~1\AppData\Local\Temp\ccURlfun.s 			page 17


 518              		.loc 1 255 5 view .LVU120
 519 0040 454B     		ldr	r3, .L37+12
 520 0042 196C     		ldr	r1, [r3, #64]
 521 0044 8020     		movs	r0, #128
 522 0046 C001     		lsls	r0, r0, #7
 523 0048 0143     		orrs	r1, r0
 524 004a 1964     		str	r1, [r3, #64]
 255:Src/stm32g0xx_hal_msp.c **** 
 525              		.loc 1 255 5 view .LVU121
 526 004c 1A6C     		ldr	r2, [r3, #64]
 527 004e 0240     		ands	r2, r0
 528 0050 0092     		str	r2, [sp]
 255:Src/stm32g0xx_hal_msp.c **** 
 529              		.loc 1 255 5 view .LVU122
 530 0052 009A     		ldr	r2, [sp]
 531              	.LBE8:
 255:Src/stm32g0xx_hal_msp.c **** 
 532              		.loc 1 255 5 view .LVU123
 257:Src/stm32g0xx_hal_msp.c ****     /**USART1 GPIO Configuration
 533              		.loc 1 257 5 view .LVU124
 534              	.LBB9:
 257:Src/stm32g0xx_hal_msp.c ****     /**USART1 GPIO Configuration
 535              		.loc 1 257 5 view .LVU125
 257:Src/stm32g0xx_hal_msp.c ****     /**USART1 GPIO Configuration
 536              		.loc 1 257 5 view .LVU126
 537 0054 596B     		ldr	r1, [r3, #52]
 538 0056 0122     		movs	r2, #1
 539 0058 1143     		orrs	r1, r2
 540 005a 5963     		str	r1, [r3, #52]
 257:Src/stm32g0xx_hal_msp.c ****     /**USART1 GPIO Configuration
 541              		.loc 1 257 5 view .LVU127
 542 005c 5B6B     		ldr	r3, [r3, #52]
 543 005e 1340     		ands	r3, r2
 544 0060 0193     		str	r3, [sp, #4]
 257:Src/stm32g0xx_hal_msp.c ****     /**USART1 GPIO Configuration
 545              		.loc 1 257 5 view .LVU128
 546 0062 019B     		ldr	r3, [sp, #4]
 547              	.LBE9:
 257:Src/stm32g0xx_hal_msp.c ****     /**USART1 GPIO Configuration
 548              		.loc 1 257 5 view .LVU129
 262:Src/stm32g0xx_hal_msp.c ****     GPIO_InitStruct.Mode = GPIO_MODE_AF_PP;
 549              		.loc 1 262 5 view .LVU130
 262:Src/stm32g0xx_hal_msp.c ****     GPIO_InitStruct.Mode = GPIO_MODE_AF_PP;
 550              		.loc 1 262 25 is_stmt 0 view .LVU131
 551 0064 C023     		movs	r3, #192
 552 0066 DB00     		lsls	r3, r3, #3
 553 0068 0D93     		str	r3, [sp, #52]
 263:Src/stm32g0xx_hal_msp.c ****     GPIO_InitStruct.Pull = GPIO_NOPULL;
 554              		.loc 1 263 5 is_stmt 1 view .LVU132
 263:Src/stm32g0xx_hal_msp.c ****     GPIO_InitStruct.Pull = GPIO_NOPULL;
 555              		.loc 1 263 26 is_stmt 0 view .LVU133
 556 006a 0223     		movs	r3, #2
 557 006c 0E93     		str	r3, [sp, #56]
 264:Src/stm32g0xx_hal_msp.c ****     GPIO_InitStruct.Speed = GPIO_SPEED_FREQ_VERY_HIGH;
 558              		.loc 1 264 5 is_stmt 1 view .LVU134
 264:Src/stm32g0xx_hal_msp.c ****     GPIO_InitStruct.Speed = GPIO_SPEED_FREQ_VERY_HIGH;
 559              		.loc 1 264 26 is_stmt 0 view .LVU135
ARM GAS  C:\Users\EMBEDD~1\AppData\Local\Temp\ccURlfun.s 			page 18


 560 006e 0023     		movs	r3, #0
 561 0070 0F93     		str	r3, [sp, #60]
 265:Src/stm32g0xx_hal_msp.c ****     GPIO_InitStruct.Alternate = GPIO_AF1_USART1;
 562              		.loc 1 265 5 is_stmt 1 view .LVU136
 265:Src/stm32g0xx_hal_msp.c ****     GPIO_InitStruct.Alternate = GPIO_AF1_USART1;
 563              		.loc 1 265 27 is_stmt 0 view .LVU137
 564 0072 0333     		adds	r3, r3, #3
 565 0074 1093     		str	r3, [sp, #64]
 266:Src/stm32g0xx_hal_msp.c ****     HAL_GPIO_Init(GPIOA, &GPIO_InitStruct);
 566              		.loc 1 266 5 is_stmt 1 view .LVU138
 266:Src/stm32g0xx_hal_msp.c ****     HAL_GPIO_Init(GPIOA, &GPIO_InitStruct);
 567              		.loc 1 266 31 is_stmt 0 view .LVU139
 568 0076 1192     		str	r2, [sp, #68]
 267:Src/stm32g0xx_hal_msp.c **** 
 569              		.loc 1 267 5 is_stmt 1 view .LVU140
 570 0078 A020     		movs	r0, #160
 571 007a 0DA9     		add	r1, sp, #52
 572 007c C005     		lsls	r0, r0, #23
 573 007e FFF7FEFF 		bl	HAL_GPIO_Init
 574              	.LVL47:
 270:Src/stm32g0xx_hal_msp.c ****     HAL_NVIC_EnableIRQ(USART1_IRQn);
 575              		.loc 1 270 5 view .LVU141
 576 0082 0022     		movs	r2, #0
 577 0084 0121     		movs	r1, #1
 578 0086 1B20     		movs	r0, #27
 579 0088 FFF7FEFF 		bl	HAL_NVIC_SetPriority
 580              	.LVL48:
 271:Src/stm32g0xx_hal_msp.c ****   /* USER CODE BEGIN USART1_MspInit 1 */
 581              		.loc 1 271 5 view .LVU142
 582 008c 1B20     		movs	r0, #27
 583 008e FFF7FEFF 		bl	HAL_NVIC_EnableIRQ
 584              	.LVL49:
 585 0092 CCE7     		b	.L26
 586              	.L35:
 251:Src/stm32g0xx_hal_msp.c ****     }
 587              		.loc 1 251 7 view .LVU143
 588 0094 FFF7FEFF 		bl	Error_Handler
 589              	.LVL50:
 590 0098 D2E7     		b	.L28
 591              	.L33:
 284:Src/stm32g0xx_hal_msp.c ****     PeriphClkInit.Usart2ClockSelection = RCC_USART2CLKSOURCE_PCLK1;
 592              		.loc 1 284 5 view .LVU144
 284:Src/stm32g0xx_hal_msp.c ****     PeriphClkInit.Usart2ClockSelection = RCC_USART2CLKSOURCE_PCLK1;
 593              		.loc 1 284 40 is_stmt 0 view .LVU145
 594 009a 0223     		movs	r3, #2
 595 009c 0693     		str	r3, [sp, #24]
 285:Src/stm32g0xx_hal_msp.c ****     if (HAL_RCCEx_PeriphCLKConfig(&PeriphClkInit) != HAL_OK)
 596              		.loc 1 285 5 is_stmt 1 view .LVU146
 286:Src/stm32g0xx_hal_msp.c ****     {
 597              		.loc 1 286 5 view .LVU147
 286:Src/stm32g0xx_hal_msp.c ****     {
 598              		.loc 1 286 9 is_stmt 0 view .LVU148
 599 009e 06A8     		add	r0, sp, #24
 600 00a0 FFF7FEFF 		bl	HAL_RCCEx_PeriphCLKConfig
 601              	.LVL51:
 286:Src/stm32g0xx_hal_msp.c ****     {
 602              		.loc 1 286 8 view .LVU149
ARM GAS  C:\Users\EMBEDD~1\AppData\Local\Temp\ccURlfun.s 			page 19


 603 00a4 0028     		cmp	r0, #0
 604 00a6 27D1     		bne	.L36
 605              	.L31:
 292:Src/stm32g0xx_hal_msp.c **** 
 606              		.loc 1 292 5 is_stmt 1 view .LVU150
 607              	.LBB10:
 292:Src/stm32g0xx_hal_msp.c **** 
 608              		.loc 1 292 5 view .LVU151
 292:Src/stm32g0xx_hal_msp.c **** 
 609              		.loc 1 292 5 view .LVU152
 610 00a8 2B4B     		ldr	r3, .L37+12
 611 00aa D96B     		ldr	r1, [r3, #60]
 612 00ac 8020     		movs	r0, #128
 613 00ae 8002     		lsls	r0, r0, #10
 614 00b0 0143     		orrs	r1, r0
 615 00b2 D963     		str	r1, [r3, #60]
 292:Src/stm32g0xx_hal_msp.c **** 
 616              		.loc 1 292 5 view .LVU153
 617 00b4 DA6B     		ldr	r2, [r3, #60]
 618 00b6 0240     		ands	r2, r0
 619 00b8 0292     		str	r2, [sp, #8]
 292:Src/stm32g0xx_hal_msp.c **** 
 620              		.loc 1 292 5 view .LVU154
 621 00ba 029A     		ldr	r2, [sp, #8]
 622              	.LBE10:
 292:Src/stm32g0xx_hal_msp.c **** 
 623              		.loc 1 292 5 view .LVU155
 294:Src/stm32g0xx_hal_msp.c ****     /**USART2 GPIO Configuration
 624              		.loc 1 294 5 view .LVU156
 625              	.LBB11:
 294:Src/stm32g0xx_hal_msp.c ****     /**USART2 GPIO Configuration
 626              		.loc 1 294 5 view .LVU157
 294:Src/stm32g0xx_hal_msp.c ****     /**USART2 GPIO Configuration
 627              		.loc 1 294 5 view .LVU158
 628 00bc 596B     		ldr	r1, [r3, #52]
 629 00be 0122     		movs	r2, #1
 630 00c0 1143     		orrs	r1, r2
 631 00c2 5963     		str	r1, [r3, #52]
 294:Src/stm32g0xx_hal_msp.c ****     /**USART2 GPIO Configuration
 632              		.loc 1 294 5 view .LVU159
 633 00c4 5B6B     		ldr	r3, [r3, #52]
 634 00c6 1340     		ands	r3, r2
 635 00c8 0393     		str	r3, [sp, #12]
 294:Src/stm32g0xx_hal_msp.c ****     /**USART2 GPIO Configuration
 636              		.loc 1 294 5 view .LVU160
 637 00ca 039B     		ldr	r3, [sp, #12]
 638              	.LBE11:
 294:Src/stm32g0xx_hal_msp.c ****     /**USART2 GPIO Configuration
 639              		.loc 1 294 5 view .LVU161
 299:Src/stm32g0xx_hal_msp.c ****     GPIO_InitStruct.Mode = GPIO_MODE_AF_PP;
 640              		.loc 1 299 5 view .LVU162
 299:Src/stm32g0xx_hal_msp.c ****     GPIO_InitStruct.Mode = GPIO_MODE_AF_PP;
 641              		.loc 1 299 25 is_stmt 0 view .LVU163
 642 00cc 0C23     		movs	r3, #12
 643 00ce 0D93     		str	r3, [sp, #52]
 300:Src/stm32g0xx_hal_msp.c ****     GPIO_InitStruct.Pull = GPIO_PULLDOWN;
 644              		.loc 1 300 5 is_stmt 1 view .LVU164
ARM GAS  C:\Users\EMBEDD~1\AppData\Local\Temp\ccURlfun.s 			page 20


 300:Src/stm32g0xx_hal_msp.c ****     GPIO_InitStruct.Pull = GPIO_PULLDOWN;
 645              		.loc 1 300 26 is_stmt 0 view .LVU165
 646 00d0 0A3B     		subs	r3, r3, #10
 647 00d2 0E93     		str	r3, [sp, #56]
 301:Src/stm32g0xx_hal_msp.c ****     GPIO_InitStruct.Speed = GPIO_SPEED_FREQ_VERY_HIGH;
 648              		.loc 1 301 5 is_stmt 1 view .LVU166
 301:Src/stm32g0xx_hal_msp.c ****     GPIO_InitStruct.Speed = GPIO_SPEED_FREQ_VERY_HIGH;
 649              		.loc 1 301 26 is_stmt 0 view .LVU167
 650 00d4 0F93     		str	r3, [sp, #60]
 302:Src/stm32g0xx_hal_msp.c ****     GPIO_InitStruct.Alternate = GPIO_AF1_USART2;
 651              		.loc 1 302 5 is_stmt 1 view .LVU168
 302:Src/stm32g0xx_hal_msp.c ****     GPIO_InitStruct.Alternate = GPIO_AF1_USART2;
 652              		.loc 1 302 27 is_stmt 0 view .LVU169
 653 00d6 0133     		adds	r3, r3, #1
 654 00d8 1093     		str	r3, [sp, #64]
 303:Src/stm32g0xx_hal_msp.c ****     HAL_GPIO_Init(GPIOA, &GPIO_InitStruct);
 655              		.loc 1 303 5 is_stmt 1 view .LVU170
 303:Src/stm32g0xx_hal_msp.c ****     HAL_GPIO_Init(GPIOA, &GPIO_InitStruct);
 656              		.loc 1 303 31 is_stmt 0 view .LVU171
 657 00da 1192     		str	r2, [sp, #68]
 304:Src/stm32g0xx_hal_msp.c **** 
 658              		.loc 1 304 5 is_stmt 1 view .LVU172
 659 00dc A020     		movs	r0, #160
 660 00de 0DA9     		add	r1, sp, #52
 661 00e0 C005     		lsls	r0, r0, #23
 662 00e2 FFF7FEFF 		bl	HAL_GPIO_Init
 663              	.LVL52:
 307:Src/stm32g0xx_hal_msp.c ****     HAL_NVIC_EnableIRQ(USART2_IRQn);
 664              		.loc 1 307 5 view .LVU173
 665 00e6 0022     		movs	r2, #0
 666 00e8 0021     		movs	r1, #0
 667 00ea 1C20     		movs	r0, #28
 668 00ec FFF7FEFF 		bl	HAL_NVIC_SetPriority
 669              	.LVL53:
 308:Src/stm32g0xx_hal_msp.c ****   /* USER CODE BEGIN USART2_MspInit 1 */
 670              		.loc 1 308 5 view .LVU174
 671 00f0 1C20     		movs	r0, #28
 672 00f2 FFF7FEFF 		bl	HAL_NVIC_EnableIRQ
 673              	.LVL54:
 674 00f6 9AE7     		b	.L26
 675              	.L36:
 288:Src/stm32g0xx_hal_msp.c ****     }
 676              		.loc 1 288 7 view .LVU175
 677 00f8 FFF7FEFF 		bl	Error_Handler
 678              	.LVL55:
 679 00fc D4E7     		b	.L31
 680              	.L34:
 320:Src/stm32g0xx_hal_msp.c **** 
 681              		.loc 1 320 5 view .LVU176
 682              	.LBB12:
 320:Src/stm32g0xx_hal_msp.c **** 
 683              		.loc 1 320 5 view .LVU177
 320:Src/stm32g0xx_hal_msp.c **** 
 684              		.loc 1 320 5 view .LVU178
 685 00fe 164B     		ldr	r3, .L37+12
 686 0100 D96B     		ldr	r1, [r3, #60]
 687 0102 8020     		movs	r0, #128
ARM GAS  C:\Users\EMBEDD~1\AppData\Local\Temp\ccURlfun.s 			page 21


 688 0104 C002     		lsls	r0, r0, #11
 689 0106 0143     		orrs	r1, r0
 690 0108 D963     		str	r1, [r3, #60]
 320:Src/stm32g0xx_hal_msp.c **** 
 691              		.loc 1 320 5 view .LVU179
 692 010a DA6B     		ldr	r2, [r3, #60]
 693 010c 0240     		ands	r2, r0
 694 010e 0492     		str	r2, [sp, #16]
 320:Src/stm32g0xx_hal_msp.c **** 
 695              		.loc 1 320 5 view .LVU180
 696 0110 049A     		ldr	r2, [sp, #16]
 697              	.LBE12:
 320:Src/stm32g0xx_hal_msp.c **** 
 698              		.loc 1 320 5 view .LVU181
 322:Src/stm32g0xx_hal_msp.c ****     /**USART3 GPIO Configuration
 699              		.loc 1 322 5 view .LVU182
 700              	.LBB13:
 322:Src/stm32g0xx_hal_msp.c ****     /**USART3 GPIO Configuration
 701              		.loc 1 322 5 view .LVU183
 322:Src/stm32g0xx_hal_msp.c ****     /**USART3 GPIO Configuration
 702              		.loc 1 322 5 view .LVU184
 703 0112 596B     		ldr	r1, [r3, #52]
 704 0114 0222     		movs	r2, #2
 705 0116 1143     		orrs	r1, r2
 706 0118 5963     		str	r1, [r3, #52]
 322:Src/stm32g0xx_hal_msp.c ****     /**USART3 GPIO Configuration
 707              		.loc 1 322 5 view .LVU185
 708 011a 5B6B     		ldr	r3, [r3, #52]
 709 011c 1340     		ands	r3, r2
 710 011e 0593     		str	r3, [sp, #20]
 322:Src/stm32g0xx_hal_msp.c ****     /**USART3 GPIO Configuration
 711              		.loc 1 322 5 view .LVU186
 712 0120 059B     		ldr	r3, [sp, #20]
 713              	.LBE13:
 322:Src/stm32g0xx_hal_msp.c ****     /**USART3 GPIO Configuration
 714              		.loc 1 322 5 view .LVU187
 327:Src/stm32g0xx_hal_msp.c ****     GPIO_InitStruct.Mode = GPIO_MODE_AF_PP;
 715              		.loc 1 327 5 view .LVU188
 327:Src/stm32g0xx_hal_msp.c ****     GPIO_InitStruct.Mode = GPIO_MODE_AF_PP;
 716              		.loc 1 327 25 is_stmt 0 view .LVU189
 717 0122 0523     		movs	r3, #5
 718 0124 0D93     		str	r3, [sp, #52]
 328:Src/stm32g0xx_hal_msp.c ****     GPIO_InitStruct.Pull = GPIO_PULLDOWN;
 719              		.loc 1 328 5 is_stmt 1 view .LVU190
 328:Src/stm32g0xx_hal_msp.c ****     GPIO_InitStruct.Pull = GPIO_PULLDOWN;
 720              		.loc 1 328 26 is_stmt 0 view .LVU191
 721 0126 0E92     		str	r2, [sp, #56]
 329:Src/stm32g0xx_hal_msp.c ****     GPIO_InitStruct.Speed = GPIO_SPEED_FREQ_VERY_HIGH;
 722              		.loc 1 329 5 is_stmt 1 view .LVU192
 329:Src/stm32g0xx_hal_msp.c ****     GPIO_InitStruct.Speed = GPIO_SPEED_FREQ_VERY_HIGH;
 723              		.loc 1 329 26 is_stmt 0 view .LVU193
 724 0128 0F92     		str	r2, [sp, #60]
 330:Src/stm32g0xx_hal_msp.c ****     GPIO_InitStruct.Alternate = GPIO_AF4_USART3;
 725              		.loc 1 330 5 is_stmt 1 view .LVU194
 330:Src/stm32g0xx_hal_msp.c ****     GPIO_InitStruct.Alternate = GPIO_AF4_USART3;
 726              		.loc 1 330 27 is_stmt 0 view .LVU195
 727 012a 023B     		subs	r3, r3, #2
ARM GAS  C:\Users\EMBEDD~1\AppData\Local\Temp\ccURlfun.s 			page 22


 728 012c 1093     		str	r3, [sp, #64]
 331:Src/stm32g0xx_hal_msp.c ****     HAL_GPIO_Init(GPIOB, &GPIO_InitStruct);
 729              		.loc 1 331 5 is_stmt 1 view .LVU196
 331:Src/stm32g0xx_hal_msp.c ****     HAL_GPIO_Init(GPIOB, &GPIO_InitStruct);
 730              		.loc 1 331 31 is_stmt 0 view .LVU197
 731 012e 0133     		adds	r3, r3, #1
 732 0130 1193     		str	r3, [sp, #68]
 332:Src/stm32g0xx_hal_msp.c **** 
 733              		.loc 1 332 5 is_stmt 1 view .LVU198
 734 0132 0DA9     		add	r1, sp, #52
 735 0134 0948     		ldr	r0, .L37+16
 736 0136 FFF7FEFF 		bl	HAL_GPIO_Init
 737              	.LVL56:
 335:Src/stm32g0xx_hal_msp.c ****     HAL_NVIC_EnableIRQ(USART3_4_IRQn);
 738              		.loc 1 335 5 view .LVU199
 739 013a 0022     		movs	r2, #0
 740 013c 0121     		movs	r1, #1
 741 013e 1D20     		movs	r0, #29
 742 0140 FFF7FEFF 		bl	HAL_NVIC_SetPriority
 743              	.LVL57:
 336:Src/stm32g0xx_hal_msp.c ****   /* USER CODE BEGIN USART3_MspInit 1 */
 744              		.loc 1 336 5 view .LVU200
 745 0144 1D20     		movs	r0, #29
 746 0146 FFF7FEFF 		bl	HAL_NVIC_EnableIRQ
 747              	.LVL58:
 748              		.loc 1 342 1 is_stmt 0 view .LVU201
 749 014a 70E7     		b	.L26
 750              	.L38:
 751              		.align	2
 752              	.L37:
 753 014c 00380140 		.word	1073821696
 754 0150 00440040 		.word	1073759232
 755 0154 00480040 		.word	1073760256
 756 0158 00100240 		.word	1073876992
 757 015c 00040050 		.word	1342178304
 758              		.cfi_endproc
 759              	.LFE313:
 761              		.section	.text.HAL_UART_MspDeInit,"ax",%progbits
 762              		.align	1
 763              		.global	HAL_UART_MspDeInit
 764              		.syntax unified
 765              		.code	16
 766              		.thumb_func
 768              	HAL_UART_MspDeInit:
 769              	.LVL59:
 770              	.LFB314:
 343:Src/stm32g0xx_hal_msp.c **** 
 344:Src/stm32g0xx_hal_msp.c **** /**
 345:Src/stm32g0xx_hal_msp.c **** * @brief UART MSP De-Initialization
 346:Src/stm32g0xx_hal_msp.c **** * This function freeze the hardware resources used in this example
 347:Src/stm32g0xx_hal_msp.c **** * @param huart: UART handle pointer
 348:Src/stm32g0xx_hal_msp.c **** * @retval None
 349:Src/stm32g0xx_hal_msp.c **** */
 350:Src/stm32g0xx_hal_msp.c **** void HAL_UART_MspDeInit(UART_HandleTypeDef* huart)
 351:Src/stm32g0xx_hal_msp.c **** {
 771              		.loc 1 351 1 is_stmt 1 view -0
 772              		.cfi_startproc
ARM GAS  C:\Users\EMBEDD~1\AppData\Local\Temp\ccURlfun.s 			page 23


 773              		@ args = 0, pretend = 0, frame = 0
 774              		@ frame_needed = 0, uses_anonymous_args = 0
 775              		.loc 1 351 1 is_stmt 0 view .LVU203
 776 0000 10B5     		push	{r4, lr}
 777              	.LCFI7:
 778              		.cfi_def_cfa_offset 8
 779              		.cfi_offset 4, -8
 780              		.cfi_offset 14, -4
 352:Src/stm32g0xx_hal_msp.c ****   if(huart->Instance==USART1)
 781              		.loc 1 352 3 is_stmt 1 view .LVU204
 782              		.loc 1 352 11 is_stmt 0 view .LVU205
 783 0002 0368     		ldr	r3, [r0]
 784              		.loc 1 352 5 view .LVU206
 785 0004 194A     		ldr	r2, .L46
 786 0006 9342     		cmp	r3, r2
 787 0008 06D0     		beq	.L43
 353:Src/stm32g0xx_hal_msp.c ****   {
 354:Src/stm32g0xx_hal_msp.c ****   /* USER CODE BEGIN USART1_MspDeInit 0 */
 355:Src/stm32g0xx_hal_msp.c **** 
 356:Src/stm32g0xx_hal_msp.c ****   /* USER CODE END USART1_MspDeInit 0 */
 357:Src/stm32g0xx_hal_msp.c ****     /* Peripheral clock disable */
 358:Src/stm32g0xx_hal_msp.c ****     __HAL_RCC_USART1_CLK_DISABLE();
 359:Src/stm32g0xx_hal_msp.c **** 
 360:Src/stm32g0xx_hal_msp.c ****     /**USART1 GPIO Configuration
 361:Src/stm32g0xx_hal_msp.c ****     PA9     ------> USART1_TX
 362:Src/stm32g0xx_hal_msp.c ****     PA10     ------> USART1_RX
 363:Src/stm32g0xx_hal_msp.c ****     */
 364:Src/stm32g0xx_hal_msp.c ****     HAL_GPIO_DeInit(GPIOA, RS485_Modbus_Tx_Pin|RS485_Modbus_Rx_Pin);
 365:Src/stm32g0xx_hal_msp.c **** 
 366:Src/stm32g0xx_hal_msp.c ****     /* USART1 interrupt DeInit */
 367:Src/stm32g0xx_hal_msp.c ****     HAL_NVIC_DisableIRQ(USART1_IRQn);
 368:Src/stm32g0xx_hal_msp.c ****   /* USER CODE BEGIN USART1_MspDeInit 1 */
 369:Src/stm32g0xx_hal_msp.c **** 
 370:Src/stm32g0xx_hal_msp.c ****   /* USER CODE END USART1_MspDeInit 1 */
 371:Src/stm32g0xx_hal_msp.c ****   }
 372:Src/stm32g0xx_hal_msp.c ****   else if(huart->Instance==USART2)
 788              		.loc 1 372 8 is_stmt 1 view .LVU207
 789              		.loc 1 372 10 is_stmt 0 view .LVU208
 790 000a 194A     		ldr	r2, .L46+4
 791 000c 9342     		cmp	r3, r2
 792 000e 12D0     		beq	.L44
 373:Src/stm32g0xx_hal_msp.c ****   {
 374:Src/stm32g0xx_hal_msp.c ****   /* USER CODE BEGIN USART2_MspDeInit 0 */
 375:Src/stm32g0xx_hal_msp.c **** 
 376:Src/stm32g0xx_hal_msp.c ****   /* USER CODE END USART2_MspDeInit 0 */
 377:Src/stm32g0xx_hal_msp.c ****     /* Peripheral clock disable */
 378:Src/stm32g0xx_hal_msp.c ****     __HAL_RCC_USART2_CLK_DISABLE();
 379:Src/stm32g0xx_hal_msp.c **** 
 380:Src/stm32g0xx_hal_msp.c ****     /**USART2 GPIO Configuration
 381:Src/stm32g0xx_hal_msp.c ****     PA2     ------> USART2_TX
 382:Src/stm32g0xx_hal_msp.c ****     PA3     ------> USART2_RX
 383:Src/stm32g0xx_hal_msp.c ****     */
 384:Src/stm32g0xx_hal_msp.c ****     HAL_GPIO_DeInit(GPIOA, A7670C_SimCom_Tx_Pin|A7670C_SimCom_Rx_Pin);
 385:Src/stm32g0xx_hal_msp.c **** 
 386:Src/stm32g0xx_hal_msp.c ****     /* USART2 interrupt DeInit */
 387:Src/stm32g0xx_hal_msp.c ****     HAL_NVIC_DisableIRQ(USART2_IRQn);
 388:Src/stm32g0xx_hal_msp.c ****   /* USER CODE BEGIN USART2_MspDeInit 1 */
ARM GAS  C:\Users\EMBEDD~1\AppData\Local\Temp\ccURlfun.s 			page 24


 389:Src/stm32g0xx_hal_msp.c **** 
 390:Src/stm32g0xx_hal_msp.c ****   /* USER CODE END USART2_MspDeInit 1 */
 391:Src/stm32g0xx_hal_msp.c ****   }
 392:Src/stm32g0xx_hal_msp.c ****   else if(huart->Instance==USART3)
 793              		.loc 1 392 8 is_stmt 1 view .LVU209
 794              		.loc 1 392 10 is_stmt 0 view .LVU210
 795 0010 184A     		ldr	r2, .L46+8
 796 0012 9342     		cmp	r3, r2
 797 0014 1DD0     		beq	.L45
 798              	.LVL60:
 799              	.L39:
 393:Src/stm32g0xx_hal_msp.c ****   {
 394:Src/stm32g0xx_hal_msp.c ****   /* USER CODE BEGIN USART3_MspDeInit 0 */
 395:Src/stm32g0xx_hal_msp.c **** 
 396:Src/stm32g0xx_hal_msp.c ****   /* USER CODE END USART3_MspDeInit 0 */
 397:Src/stm32g0xx_hal_msp.c ****     /* Peripheral clock disable */
 398:Src/stm32g0xx_hal_msp.c ****     __HAL_RCC_USART3_CLK_DISABLE();
 399:Src/stm32g0xx_hal_msp.c **** 
 400:Src/stm32g0xx_hal_msp.c ****     /**USART3 GPIO Configuration
 401:Src/stm32g0xx_hal_msp.c ****     PB0     ------> USART3_RX
 402:Src/stm32g0xx_hal_msp.c ****     PB2     ------> USART3_TX
 403:Src/stm32g0xx_hal_msp.c ****     */
 404:Src/stm32g0xx_hal_msp.c ****     HAL_GPIO_DeInit(GPIOB, ESP32_WiFi_Rx_Pin|ESP32_WiFi_Tx_Pin);
 405:Src/stm32g0xx_hal_msp.c **** 
 406:Src/stm32g0xx_hal_msp.c ****     /* USART3 interrupt DeInit */
 407:Src/stm32g0xx_hal_msp.c ****     HAL_NVIC_DisableIRQ(USART3_4_IRQn);
 408:Src/stm32g0xx_hal_msp.c ****   /* USER CODE BEGIN USART3_MspDeInit 1 */
 409:Src/stm32g0xx_hal_msp.c **** 
 410:Src/stm32g0xx_hal_msp.c ****   /* USER CODE END USART3_MspDeInit 1 */
 411:Src/stm32g0xx_hal_msp.c ****   }
 412:Src/stm32g0xx_hal_msp.c **** 
 413:Src/stm32g0xx_hal_msp.c **** }
 800              		.loc 1 413 1 view .LVU211
 801              		@ sp needed
 802 0016 10BD     		pop	{r4, pc}
 803              	.LVL61:
 804              	.L43:
 358:Src/stm32g0xx_hal_msp.c **** 
 805              		.loc 1 358 5 is_stmt 1 view .LVU212
 806 0018 174A     		ldr	r2, .L46+12
 807 001a 136C     		ldr	r3, [r2, #64]
 808 001c 1749     		ldr	r1, .L46+16
 809 001e 0B40     		ands	r3, r1
 810 0020 1364     		str	r3, [r2, #64]
 364:Src/stm32g0xx_hal_msp.c **** 
 811              		.loc 1 364 5 view .LVU213
 812 0022 C021     		movs	r1, #192
 813 0024 A020     		movs	r0, #160
 814              	.LVL62:
 364:Src/stm32g0xx_hal_msp.c **** 
 815              		.loc 1 364 5 is_stmt 0 view .LVU214
 816 0026 C900     		lsls	r1, r1, #3
 817 0028 C005     		lsls	r0, r0, #23
 818 002a FFF7FEFF 		bl	HAL_GPIO_DeInit
 819              	.LVL63:
 367:Src/stm32g0xx_hal_msp.c ****   /* USER CODE BEGIN USART1_MspDeInit 1 */
 820              		.loc 1 367 5 is_stmt 1 view .LVU215
ARM GAS  C:\Users\EMBEDD~1\AppData\Local\Temp\ccURlfun.s 			page 25


 821 002e 1B20     		movs	r0, #27
 822 0030 FFF7FEFF 		bl	HAL_NVIC_DisableIRQ
 823              	.LVL64:
 824 0034 EFE7     		b	.L39
 825              	.LVL65:
 826              	.L44:
 378:Src/stm32g0xx_hal_msp.c **** 
 827              		.loc 1 378 5 view .LVU216
 828 0036 104A     		ldr	r2, .L46+12
 829 0038 D36B     		ldr	r3, [r2, #60]
 830 003a 1149     		ldr	r1, .L46+20
 831 003c 0B40     		ands	r3, r1
 832 003e D363     		str	r3, [r2, #60]
 384:Src/stm32g0xx_hal_msp.c **** 
 833              		.loc 1 384 5 view .LVU217
 834 0040 A020     		movs	r0, #160
 835              	.LVL66:
 384:Src/stm32g0xx_hal_msp.c **** 
 836              		.loc 1 384 5 is_stmt 0 view .LVU218
 837 0042 0C21     		movs	r1, #12
 838 0044 C005     		lsls	r0, r0, #23
 839 0046 FFF7FEFF 		bl	HAL_GPIO_DeInit
 840              	.LVL67:
 387:Src/stm32g0xx_hal_msp.c ****   /* USER CODE BEGIN USART2_MspDeInit 1 */
 841              		.loc 1 387 5 is_stmt 1 view .LVU219
 842 004a 1C20     		movs	r0, #28
 843 004c FFF7FEFF 		bl	HAL_NVIC_DisableIRQ
 844              	.LVL68:
 845 0050 E1E7     		b	.L39
 846              	.LVL69:
 847              	.L45:
 398:Src/stm32g0xx_hal_msp.c **** 
 848              		.loc 1 398 5 view .LVU220
 849 0052 094A     		ldr	r2, .L46+12
 850 0054 D36B     		ldr	r3, [r2, #60]
 851 0056 0B49     		ldr	r1, .L46+24
 852 0058 0B40     		ands	r3, r1
 853 005a D363     		str	r3, [r2, #60]
 404:Src/stm32g0xx_hal_msp.c **** 
 854              		.loc 1 404 5 view .LVU221
 855 005c 0521     		movs	r1, #5
 856 005e 0A48     		ldr	r0, .L46+28
 857              	.LVL70:
 404:Src/stm32g0xx_hal_msp.c **** 
 858              		.loc 1 404 5 is_stmt 0 view .LVU222
 859 0060 FFF7FEFF 		bl	HAL_GPIO_DeInit
 860              	.LVL71:
 407:Src/stm32g0xx_hal_msp.c ****   /* USER CODE BEGIN USART3_MspDeInit 1 */
 861              		.loc 1 407 5 is_stmt 1 view .LVU223
 862 0064 1D20     		movs	r0, #29
 863 0066 FFF7FEFF 		bl	HAL_NVIC_DisableIRQ
 864              	.LVL72:
 865              		.loc 1 413 1 is_stmt 0 view .LVU224
 866 006a D4E7     		b	.L39
 867              	.L47:
 868              		.align	2
 869              	.L46:
ARM GAS  C:\Users\EMBEDD~1\AppData\Local\Temp\ccURlfun.s 			page 26


 870 006c 00380140 		.word	1073821696
 871 0070 00440040 		.word	1073759232
 872 0074 00480040 		.word	1073760256
 873 0078 00100240 		.word	1073876992
 874 007c FFBFFFFF 		.word	-16385
 875 0080 FFFFFDFF 		.word	-131073
 876 0084 FFFFFBFF 		.word	-262145
 877 0088 00040050 		.word	1342178304
 878              		.cfi_endproc
 879              	.LFE314:
 881              		.text
 882              	.Letext0:
 883              		.file 2 "c:\\program files (x86)\\gnu arm embedded toolchain\\10 2021.10\\arm-none-eabi\\include\\
 884              		.file 3 "c:\\program files (x86)\\gnu arm embedded toolchain\\10 2021.10\\arm-none-eabi\\include\\
 885              		.file 4 "Drivers/CMSIS/Device/ST/STM32G0xx/Include/stm32g070xx.h"
 886              		.file 5 "Drivers/STM32G0xx_HAL_Driver/Inc/stm32g0xx_hal_def.h"
 887              		.file 6 "Drivers/STM32G0xx_HAL_Driver/Inc/stm32g0xx_hal_rcc_ex.h"
 888              		.file 7 "Drivers/STM32G0xx_HAL_Driver/Inc/stm32g0xx_hal_gpio.h"
 889              		.file 8 "Drivers/STM32G0xx_HAL_Driver/Inc/stm32g0xx_hal_dma.h"
 890              		.file 9 "Drivers/STM32G0xx_HAL_Driver/Inc/stm32g0xx_hal_tim.h"
 891              		.file 10 "Drivers/STM32G0xx_HAL_Driver/Inc/stm32g0xx_hal_uart.h"
 892              		.file 11 "Drivers/STM32G0xx_HAL_Driver/Inc/stm32g0xx_ll_dma.h"
 893              		.file 12 "Drivers/STM32G0xx_HAL_Driver/Inc/stm32g0xx_hal_cortex.h"
 894              		.file 13 "Inc/main.h"
 895              		.file 14 "Drivers/STM32G0xx_HAL_Driver/Inc/stm32g0xx_hal.h"
 896              		.file 15 "<built-in>"
ARM GAS  C:\Users\EMBEDD~1\AppData\Local\Temp\ccURlfun.s 			page 27


DEFINED SYMBOLS
                            *ABS*:00000000 stm32g0xx_hal_msp.c
C:\Users\EMBEDD~1\AppData\Local\Temp\ccURlfun.s:18     .text.HAL_MspInit:00000000 $t
C:\Users\EMBEDD~1\AppData\Local\Temp\ccURlfun.s:24     .text.HAL_MspInit:00000000 HAL_MspInit
C:\Users\EMBEDD~1\AppData\Local\Temp\ccURlfun.s:104    .text.HAL_MspInit:00000054 $d
C:\Users\EMBEDD~1\AppData\Local\Temp\ccURlfun.s:109    .text.HAL_TIM_Base_MspInit:00000000 $t
C:\Users\EMBEDD~1\AppData\Local\Temp\ccURlfun.s:115    .text.HAL_TIM_Base_MspInit:00000000 HAL_TIM_Base_MspInit
C:\Users\EMBEDD~1\AppData\Local\Temp\ccURlfun.s:302    .text.HAL_TIM_Base_MspInit:000000c8 $d
C:\Users\EMBEDD~1\AppData\Local\Temp\ccURlfun.s:311    .text.HAL_TIM_Base_MspDeInit:00000000 $t
C:\Users\EMBEDD~1\AppData\Local\Temp\ccURlfun.s:317    .text.HAL_TIM_Base_MspDeInit:00000000 HAL_TIM_Base_MspDeInit
C:\Users\EMBEDD~1\AppData\Local\Temp\ccURlfun.s:425    .text.HAL_TIM_Base_MspDeInit:0000006c $d
C:\Users\EMBEDD~1\AppData\Local\Temp\ccURlfun.s:436    .text.HAL_UART_MspInit:00000000 $t
C:\Users\EMBEDD~1\AppData\Local\Temp\ccURlfun.s:442    .text.HAL_UART_MspInit:00000000 HAL_UART_MspInit
C:\Users\EMBEDD~1\AppData\Local\Temp\ccURlfun.s:753    .text.HAL_UART_MspInit:0000014c $d
C:\Users\EMBEDD~1\AppData\Local\Temp\ccURlfun.s:762    .text.HAL_UART_MspDeInit:00000000 $t
C:\Users\EMBEDD~1\AppData\Local\Temp\ccURlfun.s:768    .text.HAL_UART_MspDeInit:00000000 HAL_UART_MspDeInit
C:\Users\EMBEDD~1\AppData\Local\Temp\ccURlfun.s:870    .text.HAL_UART_MspDeInit:0000006c $d

UNDEFINED SYMBOLS
HAL_NVIC_SetPriority
HAL_NVIC_EnableIRQ
HAL_SYSCFG_StrobeDBattpinsConfig
HAL_NVIC_DisableIRQ
memset
HAL_RCCEx_PeriphCLKConfig
HAL_GPIO_Init
Error_Handler
HAL_GPIO_DeInit
