ARM GAS  C:\Users\EMBEDD~1\AppData\Local\Temp\ccT8vKBc.s 			page 1


   1              		.cpu cortex-m0plus
   2              		.arch armv6s-m
   3              		.fpu softvfp
   4              		.eabi_attribute 20, 1
   5              		.eabi_attribute 21, 1
   6              		.eabi_attribute 23, 3
   7              		.eabi_attribute 24, 1
   8              		.eabi_attribute 25, 1
   9              		.eabi_attribute 26, 1
  10              		.eabi_attribute 30, 1
  11              		.eabi_attribute 34, 0
  12              		.eabi_attribute 18, 4
  13              		.file	"stm32g0xx_it.c"
  14              		.text
  15              	.Ltext0:
  16              		.cfi_sections	.debug_frame
  17              		.section	.text.NMI_Handler,"ax",%progbits
  18              		.align	1
  19              		.global	NMI_Handler
  20              		.syntax unified
  21              		.code	16
  22              		.thumb_func
  24              	NMI_Handler:
  25              	.LFB440:
  26              		.file 1 "Src/stm32g0xx_it.c"
   1:Src/stm32g0xx_it.c **** /* USER CODE BEGIN Header */
   2:Src/stm32g0xx_it.c **** /**
   3:Src/stm32g0xx_it.c ****   ******************************************************************************
   4:Src/stm32g0xx_it.c ****   * @file    stm32g0xx_it.c
   5:Src/stm32g0xx_it.c ****   * @brief   Interrupt Service Routines.
   6:Src/stm32g0xx_it.c ****   ******************************************************************************
   7:Src/stm32g0xx_it.c ****   * @attention
   8:Src/stm32g0xx_it.c ****   *
   9:Src/stm32g0xx_it.c ****   * <h2><center>&copy; Copyright (c) 2022 STMicroelectronics.
  10:Src/stm32g0xx_it.c ****   * All rights reserved.</center></h2>
  11:Src/stm32g0xx_it.c ****   *
  12:Src/stm32g0xx_it.c ****   * This software component is licensed by ST under BSD 3-Clause license,
  13:Src/stm32g0xx_it.c ****   * the "License"; You may not use this file except in compliance with the
  14:Src/stm32g0xx_it.c ****   * License. You may obtain a copy of the License at:
  15:Src/stm32g0xx_it.c ****   *                        opensource.org/licenses/BSD-3-Clause
  16:Src/stm32g0xx_it.c ****   *
  17:Src/stm32g0xx_it.c ****   ******************************************************************************
  18:Src/stm32g0xx_it.c ****   */
  19:Src/stm32g0xx_it.c **** /* USER CODE END Header */
  20:Src/stm32g0xx_it.c **** 
  21:Src/stm32g0xx_it.c **** /* Includes ------------------------------------------------------------------*/
  22:Src/stm32g0xx_it.c **** #include "main.h"
  23:Src/stm32g0xx_it.c **** #include "stm32g0xx_it.h"
  24:Src/stm32g0xx_it.c **** /* Private includes ----------------------------------------------------------*/
  25:Src/stm32g0xx_it.c **** /* USER CODE BEGIN Includes */
  26:Src/stm32g0xx_it.c **** /* USER CODE END Includes */
  27:Src/stm32g0xx_it.c **** 
  28:Src/stm32g0xx_it.c **** /* Private typedef -----------------------------------------------------------*/
  29:Src/stm32g0xx_it.c **** /* USER CODE BEGIN TD */
  30:Src/stm32g0xx_it.c **** 
  31:Src/stm32g0xx_it.c **** /* USER CODE END TD */
  32:Src/stm32g0xx_it.c **** 
ARM GAS  C:\Users\EMBEDD~1\AppData\Local\Temp\ccT8vKBc.s 			page 2


  33:Src/stm32g0xx_it.c **** /* Private define ------------------------------------------------------------*/
  34:Src/stm32g0xx_it.c **** /* USER CODE BEGIN PD */
  35:Src/stm32g0xx_it.c **** 
  36:Src/stm32g0xx_it.c **** /* USER CODE END PD */
  37:Src/stm32g0xx_it.c **** 
  38:Src/stm32g0xx_it.c **** /* Private macro -------------------------------------------------------------*/
  39:Src/stm32g0xx_it.c **** /* USER CODE BEGIN PM */
  40:Src/stm32g0xx_it.c **** 
  41:Src/stm32g0xx_it.c **** /* USER CODE END PM */
  42:Src/stm32g0xx_it.c **** 
  43:Src/stm32g0xx_it.c **** /* Private variables ---------------------------------------------------------*/
  44:Src/stm32g0xx_it.c **** /* USER CODE BEGIN PV */
  45:Src/stm32g0xx_it.c **** 
  46:Src/stm32g0xx_it.c **** /* USER CODE END PV */
  47:Src/stm32g0xx_it.c **** 
  48:Src/stm32g0xx_it.c **** /* Private function prototypes -----------------------------------------------*/
  49:Src/stm32g0xx_it.c **** /* USER CODE BEGIN PFP */
  50:Src/stm32g0xx_it.c **** 
  51:Src/stm32g0xx_it.c **** /* USER CODE END PFP */
  52:Src/stm32g0xx_it.c **** 
  53:Src/stm32g0xx_it.c **** /* Private user code ---------------------------------------------------------*/
  54:Src/stm32g0xx_it.c **** /* USER CODE BEGIN 0 */
  55:Src/stm32g0xx_it.c **** 
  56:Src/stm32g0xx_it.c **** /* USER CODE END 0 */
  57:Src/stm32g0xx_it.c **** 
  58:Src/stm32g0xx_it.c **** /* External variables --------------------------------------------------------*/
  59:Src/stm32g0xx_it.c **** extern ADC_HandleTypeDef hadc1;
  60:Src/stm32g0xx_it.c **** extern TIM_HandleTypeDef htim1;
  61:Src/stm32g0xx_it.c **** extern TIM_HandleTypeDef htim3;
  62:Src/stm32g0xx_it.c **** extern TIM_HandleTypeDef htim6;
  63:Src/stm32g0xx_it.c **** extern TIM_HandleTypeDef htim15;
  64:Src/stm32g0xx_it.c **** extern UART_HandleTypeDef huart1;
  65:Src/stm32g0xx_it.c **** extern UART_HandleTypeDef huart2;
  66:Src/stm32g0xx_it.c **** extern UART_HandleTypeDef huart3;
  67:Src/stm32g0xx_it.c **** /* USER CODE BEGIN EV */
  68:Src/stm32g0xx_it.c **** 
  69:Src/stm32g0xx_it.c **** /* USER CODE END EV */
  70:Src/stm32g0xx_it.c **** 
  71:Src/stm32g0xx_it.c **** /******************************************************************************/
  72:Src/stm32g0xx_it.c **** /*           Cortex-M0+ Processor Interruption and Exception Handlers          */
  73:Src/stm32g0xx_it.c **** /******************************************************************************/
  74:Src/stm32g0xx_it.c **** /**
  75:Src/stm32g0xx_it.c ****   * @brief This function handles Non maskable interrupt.
  76:Src/stm32g0xx_it.c ****   */
  77:Src/stm32g0xx_it.c **** void NMI_Handler(void)
  78:Src/stm32g0xx_it.c **** {
  27              		.loc 1 78 1 view -0
  28              		.cfi_startproc
  29              		@ Volatile: function does not return.
  30              		@ args = 0, pretend = 0, frame = 0
  31              		@ frame_needed = 0, uses_anonymous_args = 0
  32              		@ link register save eliminated.
  33              	.L2:
  79:Src/stm32g0xx_it.c ****   /* USER CODE BEGIN NonMaskableInt_IRQn 0 */
  80:Src/stm32g0xx_it.c **** 
  81:Src/stm32g0xx_it.c ****   /* USER CODE END NonMaskableInt_IRQn 0 */
  82:Src/stm32g0xx_it.c ****   /* USER CODE BEGIN NonMaskableInt_IRQn 1 */
ARM GAS  C:\Users\EMBEDD~1\AppData\Local\Temp\ccT8vKBc.s 			page 3


  83:Src/stm32g0xx_it.c ****   while (1)
  34              		.loc 1 83 3 discriminator 1 view .LVU1
  84:Src/stm32g0xx_it.c ****   {
  85:Src/stm32g0xx_it.c ****   }
  35              		.loc 1 85 3 discriminator 1 view .LVU2
  83:Src/stm32g0xx_it.c ****   {
  36              		.loc 1 83 9 discriminator 1 view .LVU3
  37 0000 FEE7     		b	.L2
  38              		.cfi_endproc
  39              	.LFE440:
  41              		.section	.text.HardFault_Handler,"ax",%progbits
  42              		.align	1
  43              		.global	HardFault_Handler
  44              		.syntax unified
  45              		.code	16
  46              		.thumb_func
  48              	HardFault_Handler:
  49              	.LFB441:
  86:Src/stm32g0xx_it.c ****   /* USER CODE END NonMaskableInt_IRQn 1 */
  87:Src/stm32g0xx_it.c **** }
  88:Src/stm32g0xx_it.c **** 
  89:Src/stm32g0xx_it.c **** /**
  90:Src/stm32g0xx_it.c ****   * @brief This function handles Hard fault interrupt.
  91:Src/stm32g0xx_it.c ****   */
  92:Src/stm32g0xx_it.c **** void HardFault_Handler(void)
  93:Src/stm32g0xx_it.c **** {
  50              		.loc 1 93 1 view -0
  51              		.cfi_startproc
  52              		@ Volatile: function does not return.
  53              		@ args = 0, pretend = 0, frame = 0
  54              		@ frame_needed = 0, uses_anonymous_args = 0
  55              		@ link register save eliminated.
  56              	.L4:
  94:Src/stm32g0xx_it.c ****   /* USER CODE BEGIN HardFault_IRQn 0 */
  95:Src/stm32g0xx_it.c **** 
  96:Src/stm32g0xx_it.c ****   /* USER CODE END HardFault_IRQn 0 */
  97:Src/stm32g0xx_it.c ****   while (1)
  57              		.loc 1 97 3 discriminator 1 view .LVU5
  98:Src/stm32g0xx_it.c ****   {
  99:Src/stm32g0xx_it.c ****     /* USER CODE BEGIN W1_HardFault_IRQn 0 */
 100:Src/stm32g0xx_it.c ****     /* USER CODE END W1_HardFault_IRQn 0 */
 101:Src/stm32g0xx_it.c ****   }
  58              		.loc 1 101 3 discriminator 1 view .LVU6
  97:Src/stm32g0xx_it.c ****   {
  59              		.loc 1 97 9 discriminator 1 view .LVU7
  60 0000 FEE7     		b	.L4
  61              		.cfi_endproc
  62              	.LFE441:
  64              		.section	.text.SVC_Handler,"ax",%progbits
  65              		.align	1
  66              		.global	SVC_Handler
  67              		.syntax unified
  68              		.code	16
  69              		.thumb_func
  71              	SVC_Handler:
  72              	.LFB442:
 102:Src/stm32g0xx_it.c **** }
ARM GAS  C:\Users\EMBEDD~1\AppData\Local\Temp\ccT8vKBc.s 			page 4


 103:Src/stm32g0xx_it.c **** 
 104:Src/stm32g0xx_it.c **** /**
 105:Src/stm32g0xx_it.c ****   * @brief This function handles System service call via SWI instruction.
 106:Src/stm32g0xx_it.c ****   */
 107:Src/stm32g0xx_it.c **** void SVC_Handler(void)
 108:Src/stm32g0xx_it.c **** {
  73              		.loc 1 108 1 view -0
  74              		.cfi_startproc
  75              		@ args = 0, pretend = 0, frame = 0
  76              		@ frame_needed = 0, uses_anonymous_args = 0
  77              		@ link register save eliminated.
 109:Src/stm32g0xx_it.c ****   /* USER CODE BEGIN SVC_IRQn 0 */
 110:Src/stm32g0xx_it.c **** 
 111:Src/stm32g0xx_it.c ****   /* USER CODE END SVC_IRQn 0 */
 112:Src/stm32g0xx_it.c ****   /* USER CODE BEGIN SVC_IRQn 1 */
 113:Src/stm32g0xx_it.c **** 
 114:Src/stm32g0xx_it.c ****   /* USER CODE END SVC_IRQn 1 */
 115:Src/stm32g0xx_it.c **** }
  78              		.loc 1 115 1 view .LVU9
  79              		@ sp needed
  80 0000 7047     		bx	lr
  81              		.cfi_endproc
  82              	.LFE442:
  84              		.section	.text.PendSV_Handler,"ax",%progbits
  85              		.align	1
  86              		.global	PendSV_Handler
  87              		.syntax unified
  88              		.code	16
  89              		.thumb_func
  91              	PendSV_Handler:
  92              	.LFB443:
 116:Src/stm32g0xx_it.c **** 
 117:Src/stm32g0xx_it.c **** /**
 118:Src/stm32g0xx_it.c ****   * @brief This function handles Pendable request for system service.
 119:Src/stm32g0xx_it.c ****   */
 120:Src/stm32g0xx_it.c **** void PendSV_Handler(void)
 121:Src/stm32g0xx_it.c **** {
  93              		.loc 1 121 1 view -0
  94              		.cfi_startproc
  95              		@ args = 0, pretend = 0, frame = 0
  96              		@ frame_needed = 0, uses_anonymous_args = 0
  97              		@ link register save eliminated.
 122:Src/stm32g0xx_it.c ****   /* USER CODE BEGIN PendSV_IRQn 0 */
 123:Src/stm32g0xx_it.c **** 
 124:Src/stm32g0xx_it.c ****   /* USER CODE END PendSV_IRQn 0 */
 125:Src/stm32g0xx_it.c ****   /* USER CODE BEGIN PendSV_IRQn 1 */
 126:Src/stm32g0xx_it.c **** 
 127:Src/stm32g0xx_it.c ****   /* USER CODE END PendSV_IRQn 1 */
 128:Src/stm32g0xx_it.c **** }
  98              		.loc 1 128 1 view .LVU11
  99              		@ sp needed
 100 0000 7047     		bx	lr
 101              		.cfi_endproc
 102              	.LFE443:
 104              		.section	.text.SysTick_Handler,"ax",%progbits
 105              		.align	1
 106              		.global	SysTick_Handler
ARM GAS  C:\Users\EMBEDD~1\AppData\Local\Temp\ccT8vKBc.s 			page 5


 107              		.syntax unified
 108              		.code	16
 109              		.thumb_func
 111              	SysTick_Handler:
 112              	.LFB444:
 129:Src/stm32g0xx_it.c **** 
 130:Src/stm32g0xx_it.c **** /**
 131:Src/stm32g0xx_it.c ****   * @brief This function handles System tick timer.
 132:Src/stm32g0xx_it.c ****   */
 133:Src/stm32g0xx_it.c **** void SysTick_Handler(void)
 134:Src/stm32g0xx_it.c **** {
 113              		.loc 1 134 1 view -0
 114              		.cfi_startproc
 115              		@ args = 0, pretend = 0, frame = 0
 116              		@ frame_needed = 0, uses_anonymous_args = 0
 117 0000 10B5     		push	{r4, lr}
 118              	.LCFI0:
 119              		.cfi_def_cfa_offset 8
 120              		.cfi_offset 4, -8
 121              		.cfi_offset 14, -4
 135:Src/stm32g0xx_it.c ****   /* USER CODE BEGIN SysTick_IRQn 0 */
 136:Src/stm32g0xx_it.c **** 
 137:Src/stm32g0xx_it.c ****   /* USER CODE END SysTick_IRQn 0 */
 138:Src/stm32g0xx_it.c ****   HAL_IncTick();
 122              		.loc 1 138 3 view .LVU13
 123 0002 FFF7FEFF 		bl	HAL_IncTick
 124              	.LVL0:
 139:Src/stm32g0xx_it.c ****   /* USER CODE BEGIN SysTick_IRQn 1 */
 140:Src/stm32g0xx_it.c **** 
 141:Src/stm32g0xx_it.c ****   /* USER CODE END SysTick_IRQn 1 */
 142:Src/stm32g0xx_it.c **** }
 125              		.loc 1 142 1 is_stmt 0 view .LVU14
 126              		@ sp needed
 127 0006 10BD     		pop	{r4, pc}
 128              		.cfi_endproc
 129              	.LFE444:
 131              		.section	.text.FLASH_IRQHandler,"ax",%progbits
 132              		.align	1
 133              		.global	FLASH_IRQHandler
 134              		.syntax unified
 135              		.code	16
 136              		.thumb_func
 138              	FLASH_IRQHandler:
 139              	.LFB445:
 143:Src/stm32g0xx_it.c **** 
 144:Src/stm32g0xx_it.c **** /******************************************************************************/
 145:Src/stm32g0xx_it.c **** /* STM32G0xx Peripheral Interrupt Handlers                                    */
 146:Src/stm32g0xx_it.c **** /* Add here the Interrupt Handlers for the used peripherals.                  */
 147:Src/stm32g0xx_it.c **** /* For the available peripheral interrupt handler names,                      */
 148:Src/stm32g0xx_it.c **** /* please refer to the startup file (startup_stm32g0xx.s).                    */
 149:Src/stm32g0xx_it.c **** /******************************************************************************/
 150:Src/stm32g0xx_it.c **** 
 151:Src/stm32g0xx_it.c **** /**
 152:Src/stm32g0xx_it.c ****   * @brief This function handles Flash global interrupt.
 153:Src/stm32g0xx_it.c ****   */
 154:Src/stm32g0xx_it.c **** void FLASH_IRQHandler(void)
 155:Src/stm32g0xx_it.c **** {
ARM GAS  C:\Users\EMBEDD~1\AppData\Local\Temp\ccT8vKBc.s 			page 6


 140              		.loc 1 155 1 is_stmt 1 view -0
 141              		.cfi_startproc
 142              		@ args = 0, pretend = 0, frame = 0
 143              		@ frame_needed = 0, uses_anonymous_args = 0
 144 0000 10B5     		push	{r4, lr}
 145              	.LCFI1:
 146              		.cfi_def_cfa_offset 8
 147              		.cfi_offset 4, -8
 148              		.cfi_offset 14, -4
 156:Src/stm32g0xx_it.c ****   /* USER CODE BEGIN FLASH_IRQn 0 */
 157:Src/stm32g0xx_it.c **** 
 158:Src/stm32g0xx_it.c ****   /* USER CODE END FLASH_IRQn 0 */
 159:Src/stm32g0xx_it.c ****   HAL_FLASH_IRQHandler();
 149              		.loc 1 159 3 view .LVU16
 150 0002 FFF7FEFF 		bl	HAL_FLASH_IRQHandler
 151              	.LVL1:
 160:Src/stm32g0xx_it.c ****   /* USER CODE BEGIN FLASH_IRQn 1 */
 161:Src/stm32g0xx_it.c **** 
 162:Src/stm32g0xx_it.c ****   /* USER CODE END FLASH_IRQn 1 */
 163:Src/stm32g0xx_it.c **** }
 152              		.loc 1 163 1 is_stmt 0 view .LVU17
 153              		@ sp needed
 154 0006 10BD     		pop	{r4, pc}
 155              		.cfi_endproc
 156              	.LFE445:
 158              		.section	.text.RCC_IRQHandler,"ax",%progbits
 159              		.align	1
 160              		.global	RCC_IRQHandler
 161              		.syntax unified
 162              		.code	16
 163              		.thumb_func
 165              	RCC_IRQHandler:
 166              	.LFB446:
 164:Src/stm32g0xx_it.c **** 
 165:Src/stm32g0xx_it.c **** /**
 166:Src/stm32g0xx_it.c ****   * @brief This function handles RCC global interrupt.
 167:Src/stm32g0xx_it.c ****   */
 168:Src/stm32g0xx_it.c **** void RCC_IRQHandler(void)
 169:Src/stm32g0xx_it.c **** {
 167              		.loc 1 169 1 is_stmt 1 view -0
 168              		.cfi_startproc
 169              		@ args = 0, pretend = 0, frame = 0
 170              		@ frame_needed = 0, uses_anonymous_args = 0
 171              		@ link register save eliminated.
 170:Src/stm32g0xx_it.c ****   /* USER CODE BEGIN RCC_IRQn 0 */
 171:Src/stm32g0xx_it.c **** 
 172:Src/stm32g0xx_it.c ****   /* USER CODE END RCC_IRQn 0 */
 173:Src/stm32g0xx_it.c ****   /* USER CODE BEGIN RCC_IRQn 1 */
 174:Src/stm32g0xx_it.c **** 
 175:Src/stm32g0xx_it.c ****   /* USER CODE END RCC_IRQn 1 */
 176:Src/stm32g0xx_it.c **** }
 172              		.loc 1 176 1 view .LVU19
 173              		@ sp needed
 174 0000 7047     		bx	lr
 175              		.cfi_endproc
 176              	.LFE446:
 178              		.section	.text.ADC1_IRQHandler,"ax",%progbits
ARM GAS  C:\Users\EMBEDD~1\AppData\Local\Temp\ccT8vKBc.s 			page 7


 179              		.align	1
 180              		.global	ADC1_IRQHandler
 181              		.syntax unified
 182              		.code	16
 183              		.thumb_func
 185              	ADC1_IRQHandler:
 186              	.LFB447:
 177:Src/stm32g0xx_it.c **** 
 178:Src/stm32g0xx_it.c **** /**
 179:Src/stm32g0xx_it.c ****   * @brief This function handles ADC1 interrupt.
 180:Src/stm32g0xx_it.c ****   */
 181:Src/stm32g0xx_it.c **** void ADC1_IRQHandler(void)
 182:Src/stm32g0xx_it.c **** {
 187              		.loc 1 182 1 view -0
 188              		.cfi_startproc
 189              		@ args = 0, pretend = 0, frame = 0
 190              		@ frame_needed = 0, uses_anonymous_args = 0
 191 0000 10B5     		push	{r4, lr}
 192              	.LCFI2:
 193              		.cfi_def_cfa_offset 8
 194              		.cfi_offset 4, -8
 195              		.cfi_offset 14, -4
 183:Src/stm32g0xx_it.c ****   /* USER CODE BEGIN ADC1_IRQn 0 */
 184:Src/stm32g0xx_it.c **** 
 185:Src/stm32g0xx_it.c ****   /* USER CODE END ADC1_IRQn 0 */
 186:Src/stm32g0xx_it.c ****   HAL_ADC_IRQHandler(&hadc1);
 196              		.loc 1 186 3 view .LVU21
 197 0002 0248     		ldr	r0, .L11
 198 0004 FFF7FEFF 		bl	HAL_ADC_IRQHandler
 199              	.LVL2:
 187:Src/stm32g0xx_it.c ****   /* USER CODE BEGIN ADC1_IRQn 1 */
 188:Src/stm32g0xx_it.c **** 
 189:Src/stm32g0xx_it.c ****   /* USER CODE END ADC1_IRQn 1 */
 190:Src/stm32g0xx_it.c **** }
 200              		.loc 1 190 1 is_stmt 0 view .LVU22
 201              		@ sp needed
 202 0008 10BD     		pop	{r4, pc}
 203              	.L12:
 204 000a C046     		.align	2
 205              	.L11:
 206 000c 00000000 		.word	hadc1
 207              		.cfi_endproc
 208              	.LFE447:
 210              		.section	.text.TIM1_BRK_UP_TRG_COM_IRQHandler,"ax",%progbits
 211              		.align	1
 212              		.global	TIM1_BRK_UP_TRG_COM_IRQHandler
 213              		.syntax unified
 214              		.code	16
 215              		.thumb_func
 217              	TIM1_BRK_UP_TRG_COM_IRQHandler:
 218              	.LFB448:
 191:Src/stm32g0xx_it.c **** 
 192:Src/stm32g0xx_it.c **** /**
 193:Src/stm32g0xx_it.c ****   * @brief This function handles TIM1 break, update, trigger and commutation interrupts.
 194:Src/stm32g0xx_it.c ****   */
 195:Src/stm32g0xx_it.c **** void TIM1_BRK_UP_TRG_COM_IRQHandler(void)
 196:Src/stm32g0xx_it.c **** {
ARM GAS  C:\Users\EMBEDD~1\AppData\Local\Temp\ccT8vKBc.s 			page 8


 219              		.loc 1 196 1 is_stmt 1 view -0
 220              		.cfi_startproc
 221              		@ args = 0, pretend = 0, frame = 0
 222              		@ frame_needed = 0, uses_anonymous_args = 0
 223 0000 10B5     		push	{r4, lr}
 224              	.LCFI3:
 225              		.cfi_def_cfa_offset 8
 226              		.cfi_offset 4, -8
 227              		.cfi_offset 14, -4
 197:Src/stm32g0xx_it.c ****   /* USER CODE BEGIN TIM1_BRK_UP_TRG_COM_IRQn 0 */
 198:Src/stm32g0xx_it.c **** 
 199:Src/stm32g0xx_it.c ****   /* USER CODE END TIM1_BRK_UP_TRG_COM_IRQn 0 */
 200:Src/stm32g0xx_it.c ****   HAL_TIM_IRQHandler(&htim1);
 228              		.loc 1 200 3 view .LVU24
 229 0002 0248     		ldr	r0, .L14
 230 0004 FFF7FEFF 		bl	HAL_TIM_IRQHandler
 231              	.LVL3:
 201:Src/stm32g0xx_it.c ****   /* USER CODE BEGIN TIM1_BRK_UP_TRG_COM_IRQn 1 */
 202:Src/stm32g0xx_it.c **** 
 203:Src/stm32g0xx_it.c ****   /* USER CODE END TIM1_BRK_UP_TRG_COM_IRQn 1 */
 204:Src/stm32g0xx_it.c **** }
 232              		.loc 1 204 1 is_stmt 0 view .LVU25
 233              		@ sp needed
 234 0008 10BD     		pop	{r4, pc}
 235              	.L15:
 236 000a C046     		.align	2
 237              	.L14:
 238 000c 00000000 		.word	htim1
 239              		.cfi_endproc
 240              	.LFE448:
 242              		.section	.text.TIM1_CC_IRQHandler,"ax",%progbits
 243              		.align	1
 244              		.global	TIM1_CC_IRQHandler
 245              		.syntax unified
 246              		.code	16
 247              		.thumb_func
 249              	TIM1_CC_IRQHandler:
 250              	.LFB449:
 205:Src/stm32g0xx_it.c **** 
 206:Src/stm32g0xx_it.c **** /**
 207:Src/stm32g0xx_it.c ****   * @brief This function handles TIM1 capture compare interrupt.
 208:Src/stm32g0xx_it.c ****   */
 209:Src/stm32g0xx_it.c **** void TIM1_CC_IRQHandler(void)
 210:Src/stm32g0xx_it.c **** {
 251              		.loc 1 210 1 is_stmt 1 view -0
 252              		.cfi_startproc
 253              		@ args = 0, pretend = 0, frame = 0
 254              		@ frame_needed = 0, uses_anonymous_args = 0
 255 0000 10B5     		push	{r4, lr}
 256              	.LCFI4:
 257              		.cfi_def_cfa_offset 8
 258              		.cfi_offset 4, -8
 259              		.cfi_offset 14, -4
 211:Src/stm32g0xx_it.c ****   /* USER CODE BEGIN TIM1_CC_IRQn 0 */
 212:Src/stm32g0xx_it.c **** 
 213:Src/stm32g0xx_it.c ****   /* USER CODE END TIM1_CC_IRQn 0 */
 214:Src/stm32g0xx_it.c ****   HAL_TIM_IRQHandler(&htim1);
ARM GAS  C:\Users\EMBEDD~1\AppData\Local\Temp\ccT8vKBc.s 			page 9


 260              		.loc 1 214 3 view .LVU27
 261 0002 0248     		ldr	r0, .L17
 262 0004 FFF7FEFF 		bl	HAL_TIM_IRQHandler
 263              	.LVL4:
 215:Src/stm32g0xx_it.c ****   /* USER CODE BEGIN TIM1_CC_IRQn 1 */
 216:Src/stm32g0xx_it.c **** 
 217:Src/stm32g0xx_it.c ****   /* USER CODE END TIM1_CC_IRQn 1 */
 218:Src/stm32g0xx_it.c **** }
 264              		.loc 1 218 1 is_stmt 0 view .LVU28
 265              		@ sp needed
 266 0008 10BD     		pop	{r4, pc}
 267              	.L18:
 268 000a C046     		.align	2
 269              	.L17:
 270 000c 00000000 		.word	htim1
 271              		.cfi_endproc
 272              	.LFE449:
 274              		.section	.text.TIM3_IRQHandler,"ax",%progbits
 275              		.align	1
 276              		.global	TIM3_IRQHandler
 277              		.syntax unified
 278              		.code	16
 279              		.thumb_func
 281              	TIM3_IRQHandler:
 282              	.LFB450:
 219:Src/stm32g0xx_it.c **** 
 220:Src/stm32g0xx_it.c **** /**
 221:Src/stm32g0xx_it.c ****   * @brief This function handles TIM3 global interrupt.
 222:Src/stm32g0xx_it.c ****   */
 223:Src/stm32g0xx_it.c **** void TIM3_IRQHandler(void)
 224:Src/stm32g0xx_it.c **** {
 283              		.loc 1 224 1 is_stmt 1 view -0
 284              		.cfi_startproc
 285              		@ args = 0, pretend = 0, frame = 0
 286              		@ frame_needed = 0, uses_anonymous_args = 0
 287 0000 10B5     		push	{r4, lr}
 288              	.LCFI5:
 289              		.cfi_def_cfa_offset 8
 290              		.cfi_offset 4, -8
 291              		.cfi_offset 14, -4
 225:Src/stm32g0xx_it.c ****   /* USER CODE BEGIN TIM3_IRQn 0 */
 226:Src/stm32g0xx_it.c **** 
 227:Src/stm32g0xx_it.c ****   /* USER CODE END TIM3_IRQn 0 */
 228:Src/stm32g0xx_it.c ****   HAL_TIM_IRQHandler(&htim3);
 292              		.loc 1 228 3 view .LVU30
 293 0002 0248     		ldr	r0, .L20
 294 0004 FFF7FEFF 		bl	HAL_TIM_IRQHandler
 295              	.LVL5:
 229:Src/stm32g0xx_it.c ****   /* USER CODE BEGIN TIM3_IRQn 1 */
 230:Src/stm32g0xx_it.c **** 
 231:Src/stm32g0xx_it.c ****   /* USER CODE END TIM3_IRQn 1 */
 232:Src/stm32g0xx_it.c **** }
 296              		.loc 1 232 1 is_stmt 0 view .LVU31
 297              		@ sp needed
 298 0008 10BD     		pop	{r4, pc}
 299              	.L21:
 300 000a C046     		.align	2
ARM GAS  C:\Users\EMBEDD~1\AppData\Local\Temp\ccT8vKBc.s 			page 10


 301              	.L20:
 302 000c 00000000 		.word	htim3
 303              		.cfi_endproc
 304              	.LFE450:
 306              		.section	.text.TIM6_IRQHandler,"ax",%progbits
 307              		.align	1
 308              		.global	TIM6_IRQHandler
 309              		.syntax unified
 310              		.code	16
 311              		.thumb_func
 313              	TIM6_IRQHandler:
 314              	.LFB451:
 233:Src/stm32g0xx_it.c **** 
 234:Src/stm32g0xx_it.c **** /**
 235:Src/stm32g0xx_it.c ****   * @brief This function handles TIM6 global interrupt.
 236:Src/stm32g0xx_it.c ****   */
 237:Src/stm32g0xx_it.c **** void TIM6_IRQHandler(void)
 238:Src/stm32g0xx_it.c **** {
 315              		.loc 1 238 1 is_stmt 1 view -0
 316              		.cfi_startproc
 317              		@ args = 0, pretend = 0, frame = 0
 318              		@ frame_needed = 0, uses_anonymous_args = 0
 319 0000 10B5     		push	{r4, lr}
 320              	.LCFI6:
 321              		.cfi_def_cfa_offset 8
 322              		.cfi_offset 4, -8
 323              		.cfi_offset 14, -4
 239:Src/stm32g0xx_it.c ****   /* USER CODE BEGIN TIM6_IRQn 0 */
 240:Src/stm32g0xx_it.c **** 
 241:Src/stm32g0xx_it.c ****   /* USER CODE END TIM6_IRQn 0 */
 242:Src/stm32g0xx_it.c ****   HAL_TIM_IRQHandler(&htim6);
 324              		.loc 1 242 3 view .LVU33
 325 0002 0248     		ldr	r0, .L23
 326 0004 FFF7FEFF 		bl	HAL_TIM_IRQHandler
 327              	.LVL6:
 243:Src/stm32g0xx_it.c ****   /* USER CODE BEGIN TIM6_IRQn 1 */
 244:Src/stm32g0xx_it.c **** 
 245:Src/stm32g0xx_it.c ****   /* USER CODE END TIM6_IRQn 1 */
 246:Src/stm32g0xx_it.c **** }
 328              		.loc 1 246 1 is_stmt 0 view .LVU34
 329              		@ sp needed
 330 0008 10BD     		pop	{r4, pc}
 331              	.L24:
 332 000a C046     		.align	2
 333              	.L23:
 334 000c 00000000 		.word	htim6
 335              		.cfi_endproc
 336              	.LFE451:
 338              		.section	.text.TIM15_IRQHandler,"ax",%progbits
 339              		.align	1
 340              		.global	TIM15_IRQHandler
 341              		.syntax unified
 342              		.code	16
 343              		.thumb_func
 345              	TIM15_IRQHandler:
 346              	.LFB452:
 247:Src/stm32g0xx_it.c **** 
ARM GAS  C:\Users\EMBEDD~1\AppData\Local\Temp\ccT8vKBc.s 			page 11


 248:Src/stm32g0xx_it.c **** /**
 249:Src/stm32g0xx_it.c ****   * @brief This function handles TIM15 global interrupt.
 250:Src/stm32g0xx_it.c ****   */
 251:Src/stm32g0xx_it.c **** void TIM15_IRQHandler(void)
 252:Src/stm32g0xx_it.c **** {
 347              		.loc 1 252 1 is_stmt 1 view -0
 348              		.cfi_startproc
 349              		@ args = 0, pretend = 0, frame = 0
 350              		@ frame_needed = 0, uses_anonymous_args = 0
 351 0000 10B5     		push	{r4, lr}
 352              	.LCFI7:
 353              		.cfi_def_cfa_offset 8
 354              		.cfi_offset 4, -8
 355              		.cfi_offset 14, -4
 253:Src/stm32g0xx_it.c ****   /* USER CODE BEGIN TIM15_IRQn 0 */
 254:Src/stm32g0xx_it.c **** 
 255:Src/stm32g0xx_it.c ****   /* USER CODE END TIM15_IRQn 0 */
 256:Src/stm32g0xx_it.c ****   HAL_TIM_IRQHandler(&htim15);
 356              		.loc 1 256 3 view .LVU36
 357 0002 0248     		ldr	r0, .L26
 358 0004 FFF7FEFF 		bl	HAL_TIM_IRQHandler
 359              	.LVL7:
 257:Src/stm32g0xx_it.c ****   /* USER CODE BEGIN TIM15_IRQn 1 */
 258:Src/stm32g0xx_it.c **** 
 259:Src/stm32g0xx_it.c ****   /* USER CODE END TIM15_IRQn 1 */
 260:Src/stm32g0xx_it.c **** }
 360              		.loc 1 260 1 is_stmt 0 view .LVU37
 361              		@ sp needed
 362 0008 10BD     		pop	{r4, pc}
 363              	.L27:
 364 000a C046     		.align	2
 365              	.L26:
 366 000c 00000000 		.word	htim15
 367              		.cfi_endproc
 368              	.LFE452:
 370              		.section	.text.USART1_IRQHandler,"ax",%progbits
 371              		.align	1
 372              		.global	USART1_IRQHandler
 373              		.syntax unified
 374              		.code	16
 375              		.thumb_func
 377              	USART1_IRQHandler:
 378              	.LFB453:
 261:Src/stm32g0xx_it.c **** 
 262:Src/stm32g0xx_it.c **** /**
 263:Src/stm32g0xx_it.c ****   * @brief This function handles USART1 global interrupt / USART1 wake-up interrupt through EXTI li
 264:Src/stm32g0xx_it.c ****   */
 265:Src/stm32g0xx_it.c **** void USART1_IRQHandler(void)
 266:Src/stm32g0xx_it.c **** {
 379              		.loc 1 266 1 is_stmt 1 view -0
 380              		.cfi_startproc
 381              		@ args = 0, pretend = 0, frame = 0
 382              		@ frame_needed = 0, uses_anonymous_args = 0
 383 0000 10B5     		push	{r4, lr}
 384              	.LCFI8:
 385              		.cfi_def_cfa_offset 8
 386              		.cfi_offset 4, -8
ARM GAS  C:\Users\EMBEDD~1\AppData\Local\Temp\ccT8vKBc.s 			page 12


 387              		.cfi_offset 14, -4
 267:Src/stm32g0xx_it.c ****   /* USER CODE BEGIN USART1_IRQn 0 */
 268:Src/stm32g0xx_it.c **** 
 269:Src/stm32g0xx_it.c ****   /* USER CODE END USART1_IRQn 0 */
 270:Src/stm32g0xx_it.c ****   HAL_UART_IRQHandler(&huart1);
 388              		.loc 1 270 3 view .LVU39
 389 0002 0248     		ldr	r0, .L29
 390 0004 FFF7FEFF 		bl	HAL_UART_IRQHandler
 391              	.LVL8:
 271:Src/stm32g0xx_it.c ****   /* USER CODE BEGIN USART1_IRQn 1 */
 272:Src/stm32g0xx_it.c **** 
 273:Src/stm32g0xx_it.c ****   /* USER CODE END USART1_IRQn 1 */
 274:Src/stm32g0xx_it.c **** }
 392              		.loc 1 274 1 is_stmt 0 view .LVU40
 393              		@ sp needed
 394 0008 10BD     		pop	{r4, pc}
 395              	.L30:
 396 000a C046     		.align	2
 397              	.L29:
 398 000c 00000000 		.word	huart1
 399              		.cfi_endproc
 400              	.LFE453:
 402              		.section	.text.USART2_IRQHandler,"ax",%progbits
 403              		.align	1
 404              		.global	USART2_IRQHandler
 405              		.syntax unified
 406              		.code	16
 407              		.thumb_func
 409              	USART2_IRQHandler:
 410              	.LFB454:
 275:Src/stm32g0xx_it.c **** 
 276:Src/stm32g0xx_it.c **** /**
 277:Src/stm32g0xx_it.c ****   * @brief This function handles USART2 global interrupt / USART2 wake-up interrupt through EXTI li
 278:Src/stm32g0xx_it.c ****   */
 279:Src/stm32g0xx_it.c **** void USART2_IRQHandler(void)
 280:Src/stm32g0xx_it.c **** {
 411              		.loc 1 280 1 is_stmt 1 view -0
 412              		.cfi_startproc
 413              		@ args = 0, pretend = 0, frame = 0
 414              		@ frame_needed = 0, uses_anonymous_args = 0
 415 0000 10B5     		push	{r4, lr}
 416              	.LCFI9:
 417              		.cfi_def_cfa_offset 8
 418              		.cfi_offset 4, -8
 419              		.cfi_offset 14, -4
 281:Src/stm32g0xx_it.c ****   /* USER CODE BEGIN USART2_IRQn 0 */
 282:Src/stm32g0xx_it.c **** 
 283:Src/stm32g0xx_it.c ****   /* USER CODE END USART2_IRQn 0 */
 284:Src/stm32g0xx_it.c ****   HAL_UART_IRQHandler(&huart2);
 420              		.loc 1 284 3 view .LVU42
 421 0002 0248     		ldr	r0, .L32
 422 0004 FFF7FEFF 		bl	HAL_UART_IRQHandler
 423              	.LVL9:
 285:Src/stm32g0xx_it.c ****   /* USER CODE BEGIN USART2_IRQn 1 */
 286:Src/stm32g0xx_it.c **** 
 287:Src/stm32g0xx_it.c ****   /* USER CODE END USART2_IRQn 1 */
 288:Src/stm32g0xx_it.c **** }
ARM GAS  C:\Users\EMBEDD~1\AppData\Local\Temp\ccT8vKBc.s 			page 13


 424              		.loc 1 288 1 is_stmt 0 view .LVU43
 425              		@ sp needed
 426 0008 10BD     		pop	{r4, pc}
 427              	.L33:
 428 000a C046     		.align	2
 429              	.L32:
 430 000c 00000000 		.word	huart2
 431              		.cfi_endproc
 432              	.LFE454:
 434              		.section	.text.USART3_4_IRQHandler,"ax",%progbits
 435              		.align	1
 436              		.global	USART3_4_IRQHandler
 437              		.syntax unified
 438              		.code	16
 439              		.thumb_func
 441              	USART3_4_IRQHandler:
 442              	.LFB455:
 289:Src/stm32g0xx_it.c **** 
 290:Src/stm32g0xx_it.c **** /**
 291:Src/stm32g0xx_it.c ****   * @brief This function handles USART3 and USART4 interrupts.
 292:Src/stm32g0xx_it.c ****   */
 293:Src/stm32g0xx_it.c **** void USART3_4_IRQHandler(void)
 294:Src/stm32g0xx_it.c **** {
 443              		.loc 1 294 1 is_stmt 1 view -0
 444              		.cfi_startproc
 445              		@ args = 0, pretend = 0, frame = 0
 446              		@ frame_needed = 0, uses_anonymous_args = 0
 447 0000 10B5     		push	{r4, lr}
 448              	.LCFI10:
 449              		.cfi_def_cfa_offset 8
 450              		.cfi_offset 4, -8
 451              		.cfi_offset 14, -4
 295:Src/stm32g0xx_it.c ****   /* USER CODE BEGIN USART3_4_IRQn 0 */
 296:Src/stm32g0xx_it.c **** 
 297:Src/stm32g0xx_it.c ****   /* USER CODE END USART3_4_IRQn 0 */
 298:Src/stm32g0xx_it.c ****   HAL_UART_IRQHandler(&huart3);
 452              		.loc 1 298 3 view .LVU45
 453 0002 0248     		ldr	r0, .L35
 454 0004 FFF7FEFF 		bl	HAL_UART_IRQHandler
 455              	.LVL10:
 299:Src/stm32g0xx_it.c ****   /* USER CODE BEGIN USART3_4_IRQn 1 */
 300:Src/stm32g0xx_it.c **** 
 301:Src/stm32g0xx_it.c ****   /* USER CODE END USART3_4_IRQn 1 */
 302:Src/stm32g0xx_it.c **** }
 456              		.loc 1 302 1 is_stmt 0 view .LVU46
 457              		@ sp needed
 458 0008 10BD     		pop	{r4, pc}
 459              	.L36:
 460 000a C046     		.align	2
 461              	.L35:
 462 000c 00000000 		.word	huart3
 463              		.cfi_endproc
 464              	.LFE455:
 466              		.text
 467              	.Letext0:
 468              		.file 2 "c:\\program files (x86)\\gnu arm embedded toolchain\\10 2021.10\\arm-none-eabi\\include\\
 469              		.file 3 "c:\\program files (x86)\\gnu arm embedded toolchain\\10 2021.10\\arm-none-eabi\\include\\
ARM GAS  C:\Users\EMBEDD~1\AppData\Local\Temp\ccT8vKBc.s 			page 14


 470              		.file 4 "Drivers/CMSIS/Device/ST/STM32G0xx/Include/stm32g070xx.h"
 471              		.file 5 "Drivers/CMSIS/Device/ST/STM32G0xx/Include/stm32g0xx.h"
 472              		.file 6 "Drivers/STM32G0xx_HAL_Driver/Inc/stm32g0xx_hal_def.h"
 473              		.file 7 "Drivers/STM32G0xx_HAL_Driver/Inc/stm32g0xx_hal_dma.h"
 474              		.file 8 "Drivers/STM32G0xx_HAL_Driver/Inc/stm32g0xx_hal_adc.h"
 475              		.file 9 "Drivers/STM32G0xx_HAL_Driver/Inc/stm32g0xx_hal_tim.h"
 476              		.file 10 "Drivers/STM32G0xx_HAL_Driver/Inc/stm32g0xx_hal_uart.h"
 477              		.file 11 "Drivers/STM32G0xx_HAL_Driver/Inc/stm32g0xx_hal_flash.h"
 478              		.file 12 "Drivers/STM32G0xx_HAL_Driver/Inc/stm32g0xx_hal.h"
 479              		.file 13 "Drivers/STM32G0xx_HAL_Driver/Inc/stm32g0xx_ll_dma.h"
ARM GAS  C:\Users\EMBEDD~1\AppData\Local\Temp\ccT8vKBc.s 			page 15


DEFINED SYMBOLS
                            *ABS*:00000000 stm32g0xx_it.c
C:\Users\EMBEDD~1\AppData\Local\Temp\ccT8vKBc.s:18     .text.NMI_Handler:00000000 $t
C:\Users\EMBEDD~1\AppData\Local\Temp\ccT8vKBc.s:24     .text.NMI_Handler:00000000 NMI_Handler
C:\Users\EMBEDD~1\AppData\Local\Temp\ccT8vKBc.s:42     .text.HardFault_Handler:00000000 $t
C:\Users\EMBEDD~1\AppData\Local\Temp\ccT8vKBc.s:48     .text.HardFault_Handler:00000000 HardFault_Handler
C:\Users\EMBEDD~1\AppData\Local\Temp\ccT8vKBc.s:65     .text.SVC_Handler:00000000 $t
C:\Users\EMBEDD~1\AppData\Local\Temp\ccT8vKBc.s:71     .text.SVC_Handler:00000000 SVC_Handler
C:\Users\EMBEDD~1\AppData\Local\Temp\ccT8vKBc.s:85     .text.PendSV_Handler:00000000 $t
C:\Users\EMBEDD~1\AppData\Local\Temp\ccT8vKBc.s:91     .text.PendSV_Handler:00000000 PendSV_Handler
C:\Users\EMBEDD~1\AppData\Local\Temp\ccT8vKBc.s:105    .text.SysTick_Handler:00000000 $t
C:\Users\EMBEDD~1\AppData\Local\Temp\ccT8vKBc.s:111    .text.SysTick_Handler:00000000 SysTick_Handler
C:\Users\EMBEDD~1\AppData\Local\Temp\ccT8vKBc.s:132    .text.FLASH_IRQHandler:00000000 $t
C:\Users\EMBEDD~1\AppData\Local\Temp\ccT8vKBc.s:138    .text.FLASH_IRQHandler:00000000 FLASH_IRQHandler
C:\Users\EMBEDD~1\AppData\Local\Temp\ccT8vKBc.s:159    .text.RCC_IRQHandler:00000000 $t
C:\Users\EMBEDD~1\AppData\Local\Temp\ccT8vKBc.s:165    .text.RCC_IRQHandler:00000000 RCC_IRQHandler
C:\Users\EMBEDD~1\AppData\Local\Temp\ccT8vKBc.s:179    .text.ADC1_IRQHandler:00000000 $t
C:\Users\EMBEDD~1\AppData\Local\Temp\ccT8vKBc.s:185    .text.ADC1_IRQHandler:00000000 ADC1_IRQHandler
C:\Users\EMBEDD~1\AppData\Local\Temp\ccT8vKBc.s:206    .text.ADC1_IRQHandler:0000000c $d
C:\Users\EMBEDD~1\AppData\Local\Temp\ccT8vKBc.s:211    .text.TIM1_BRK_UP_TRG_COM_IRQHandler:00000000 $t
C:\Users\EMBEDD~1\AppData\Local\Temp\ccT8vKBc.s:217    .text.TIM1_BRK_UP_TRG_COM_IRQHandler:00000000 TIM1_BRK_UP_TRG_COM_IRQHandler
C:\Users\EMBEDD~1\AppData\Local\Temp\ccT8vKBc.s:238    .text.TIM1_BRK_UP_TRG_COM_IRQHandler:0000000c $d
C:\Users\EMBEDD~1\AppData\Local\Temp\ccT8vKBc.s:243    .text.TIM1_CC_IRQHandler:00000000 $t
C:\Users\EMBEDD~1\AppData\Local\Temp\ccT8vKBc.s:249    .text.TIM1_CC_IRQHandler:00000000 TIM1_CC_IRQHandler
C:\Users\EMBEDD~1\AppData\Local\Temp\ccT8vKBc.s:270    .text.TIM1_CC_IRQHandler:0000000c $d
C:\Users\EMBEDD~1\AppData\Local\Temp\ccT8vKBc.s:275    .text.TIM3_IRQHandler:00000000 $t
C:\Users\EMBEDD~1\AppData\Local\Temp\ccT8vKBc.s:281    .text.TIM3_IRQHandler:00000000 TIM3_IRQHandler
C:\Users\EMBEDD~1\AppData\Local\Temp\ccT8vKBc.s:302    .text.TIM3_IRQHandler:0000000c $d
C:\Users\EMBEDD~1\AppData\Local\Temp\ccT8vKBc.s:307    .text.TIM6_IRQHandler:00000000 $t
C:\Users\EMBEDD~1\AppData\Local\Temp\ccT8vKBc.s:313    .text.TIM6_IRQHandler:00000000 TIM6_IRQHandler
C:\Users\EMBEDD~1\AppData\Local\Temp\ccT8vKBc.s:334    .text.TIM6_IRQHandler:0000000c $d
C:\Users\EMBEDD~1\AppData\Local\Temp\ccT8vKBc.s:339    .text.TIM15_IRQHandler:00000000 $t
C:\Users\EMBEDD~1\AppData\Local\Temp\ccT8vKBc.s:345    .text.TIM15_IRQHandler:00000000 TIM15_IRQHandler
C:\Users\EMBEDD~1\AppData\Local\Temp\ccT8vKBc.s:366    .text.TIM15_IRQHandler:0000000c $d
C:\Users\EMBEDD~1\AppData\Local\Temp\ccT8vKBc.s:371    .text.USART1_IRQHandler:00000000 $t
C:\Users\EMBEDD~1\AppData\Local\Temp\ccT8vKBc.s:377    .text.USART1_IRQHandler:00000000 USART1_IRQHandler
C:\Users\EMBEDD~1\AppData\Local\Temp\ccT8vKBc.s:398    .text.USART1_IRQHandler:0000000c $d
C:\Users\EMBEDD~1\AppData\Local\Temp\ccT8vKBc.s:403    .text.USART2_IRQHandler:00000000 $t
C:\Users\EMBEDD~1\AppData\Local\Temp\ccT8vKBc.s:409    .text.USART2_IRQHandler:00000000 USART2_IRQHandler
C:\Users\EMBEDD~1\AppData\Local\Temp\ccT8vKBc.s:430    .text.USART2_IRQHandler:0000000c $d
C:\Users\EMBEDD~1\AppData\Local\Temp\ccT8vKBc.s:435    .text.USART3_4_IRQHandler:00000000 $t
C:\Users\EMBEDD~1\AppData\Local\Temp\ccT8vKBc.s:441    .text.USART3_4_IRQHandler:00000000 USART3_4_IRQHandler
C:\Users\EMBEDD~1\AppData\Local\Temp\ccT8vKBc.s:462    .text.USART3_4_IRQHandler:0000000c $d

UNDEFINED SYMBOLS
HAL_IncTick
HAL_FLASH_IRQHandler
HAL_ADC_IRQHandler
hadc1
HAL_TIM_IRQHandler
htim1
htim3
htim6
htim15
HAL_UART_IRQHandler
huart1
huart2
ARM GAS  C:\Users\EMBEDD~1\AppData\Local\Temp\ccT8vKBc.s 			page 16


huart3
